{"meta": {"format": 3, "version": "7.8.2", "timestamp": "2025-08-23T16:40:47.521999", "branch_coverage": false, "show_contexts": false}, "files": {"core/__init__.py": {"executed_lines": [1, 43, 44, 47, 51, 56, 61, 64, 70, 133, 180, 200, 208, 210, 213], "summary": {"covered_lines": 14, "num_statements": 29, "percent_covered": 48.275862068965516, "percent_covered_display": "48", "missing_lines": 15, "excluded_lines": 0}, "missing_lines": [149, 157, 158, 159, 162, 167, 170, 171, 187, 190, 191, 193, 194, 196, 214], "excluded_lines": [], "functions": {"configure_core": {"executed_lines": [], "summary": {"covered_lines": 0, "num_statements": 8, "percent_covered": 0.0, "percent_covered_display": "0", "missing_lines": 8, "excluded_lines": 0}, "missing_lines": [149, 157, 158, 159, 162, 167, 170, 171], "excluded_lines": []}, "get_service_health_registry": {"executed_lines": [], "summary": {"covered_lines": 0, "num_statements": 6, "percent_covered": 0.0, "percent_covered_display": "0", "missing_lines": 6, "excluded_lines": 0}, "missing_lines": [187, 190, 191, 193, 194, 196], "excluded_lines": []}, "": {"executed_lines": [1, 43, 44, 47, 51, 56, 61, 64, 70, 133, 180, 200, 208, 210, 213], "summary": {"covered_lines": 14, "num_statements": 15, "percent_covered": 93.33333333333333, "percent_covered_display": "93", "missing_lines": 1, "excluded_lines": 0}, "missing_lines": [214], "excluded_lines": []}}, "classes": {"": {"executed_lines": [1, 43, 44, 47, 51, 56, 61, 64, 70, 133, 180, 200, 208, 210, 213], "summary": {"covered_lines": 14, "num_statements": 29, "percent_covered": 48.275862068965516, "percent_covered_display": "48", "missing_lines": 15, "excluded_lines": 0}, "missing_lines": [149, 157, 158, 159, 162, 167, 170, 171, 187, 190, 191, 193, 194, 196, 214], "excluded_lines": []}}}, "core/context/__init__.py": {"executed_lines": [1, 13, 17], "summary": {"covered_lines": 2, "num_statements": 2, "percent_covered": 100.0, "percent_covered_display": "100", "missing_lines": 0, "excluded_lines": 0}, "missing_lines": [], "excluded_lines": [], "functions": {"": {"executed_lines": [1, 13, 17], "summary": {"covered_lines": 2, "num_statements": 2, "percent_covered": 100.0, "percent_covered_display": "100", "missing_lines": 0, "excluded_lines": 0}, "missing_lines": [], "excluded_lines": []}}, "classes": {"": {"executed_lines": [1, 13, 17], "summary": {"covered_lines": 2, "num_statements": 2, "percent_covered": 100.0, "percent_covered_display": "100", "missing_lines": 0, "excluded_lines": 0}, "missing_lines": [], "excluded_lines": []}}}, "core/context/context.py": {"executed_lines": [1, 8, 9, 10, 11, 12, 13, 16, 19, 24, 27, 28, 29, 31, 32, 33, 34, 35, 37, 38, 45, 56, 57, 58, 60, 61, 62, 63, 64, 65, 66, 67, 70, 71, 72, 74, 75, 76, 77, 78, 79, 80, 81, 83, 84, 89, 90, 91, 98, 99, 100, 101, 102, 103, 104, 105, 106, 108, 109, 124, 139, 154, 169, 187, 229, 230, 237, 238, 240, 244, 256, 261, 262, 283, 312, 340, 344, 349, 354, 359, 360, 374, 379], "summary": {"covered_lines": 77, "num_statements": 129, "percent_covered": 59.689922480620154, "percent_covered_display": "60", "missing_lines": 52, "excluded_lines": 0}, "missing_lines": [40, 47, 86, 117, 126, 137, 141, 152, 156, 167, 171, 172, 174, 185, 189, 198, 199, 208, 209, 218, 219, 226, 242, 246, 247, 258, 259, 272, 274, 275, 276, 278, 279, 281, 293, 294, 295, 298, 310, 326, 327, 328, 330, 335, 336, 346, 351, 356, 370, 371, 376, 391], "excluded_lines": [], "functions": {"TraceContext.new_trace": {"executed_lines": [], "summary": {"covered_lines": 0, "num_statements": 1, "percent_covered": 0.0, "percent_covered_display": "0", "missing_lines": 1, "excluded_lines": 0}, "missing_lines": [40], "excluded_lines": []}, "TraceContext.new_span": {"executed_lines": [], "summary": {"covered_lines": 0, "num_statements": 1, "percent_covered": 0.0, "percent_covered_display": "0", "missing_lines": 1, "excluded_lines": 0}, "missing_lines": [47], "excluded_lines": []}, "RequestContext.new_request": {"executed_lines": [], "summary": {"covered_lines": 0, "num_statements": 1, "percent_covered": 0.0, "percent_covered_display": "0", "missing_lines": 1, "excluded_lines": 0}, "missing_lines": [86], "excluded_lines": []}, "Context.new_context": {"executed_lines": [], "summary": {"covered_lines": 0, "num_statements": 1, "percent_covered": 0.0, "percent_covered_display": "0", "missing_lines": 1, "excluded_lines": 0}, "missing_lines": [117], "excluded_lines": []}, "Context.with_request": {"executed_lines": [], "summary": {"covered_lines": 0, "num_statements": 2, "percent_covered": 0.0, "percent_covered_display": "0", "missing_lines": 2, "excluded_lines": 0}, "missing_lines": [126, 137], "excluded_lines": []}, "Context.with_user": {"executed_lines": [], "summary": {"covered_lines": 0, "num_statements": 2, "percent_covered": 0.0, "percent_covered_display": "0", "missing_lines": 2, "excluded_lines": 0}, "missing_lines": [141, 152], "excluded_lines": []}, "Context.with_trace": {"executed_lines": [], "summary": {"covered_lines": 0, "num_statements": 2, "percent_covered": 0.0, "percent_covered_display": "0", "missing_lines": 2, "excluded_lines": 0}, "missing_lines": [156, 167], "excluded_lines": []}, "Context.set_custom": {"executed_lines": [], "summary": {"covered_lines": 0, "num_statements": 4, "percent_covered": 0.0, "percent_covered_display": "0", "missing_lines": 4, "excluded_lines": 0}, "missing_lines": [171, 172, 174, 185], "excluded_lines": []}, "Context.to_dict": {"executed_lines": [], "summary": {"covered_lines": 0, "num_statements": 8, "percent_covered": 0.0, "percent_covered_display": "0", "missing_lines": 8, "excluded_lines": 0}, "missing_lines": [189, 198, 199, 208, 209, 218, 219, 226], "excluded_lines": []}, "ContextManager.__init__": {"executed_lines": [238], "summary": {"covered_lines": 1, "num_statements": 1, "percent_covered": 100.0, "percent_covered_display": "100", "missing_lines": 0, "excluded_lines": 0}, "missing_lines": [], "excluded_lines": []}, "ContextManager.get_current_context": {"executed_lines": [], "summary": {"covered_lines": 0, "num_statements": 1, "percent_covered": 0.0, "percent_covered_display": "0", "missing_lines": 1, "excluded_lines": 0}, "missing_lines": [242], "excluded_lines": []}, "ContextManager.set_context": {"executed_lines": [], "summary": {"covered_lines": 0, "num_statements": 2, "percent_covered": 0.0, "percent_covered_display": "0", "missing_lines": 2, "excluded_lines": 0}, "missing_lines": [246, 247], "excluded_lines": []}, "ContextManager.clear_context": {"executed_lines": [], "summary": {"covered_lines": 0, "num_statements": 2, "percent_covered": 0.0, "percent_covered_display": "0", "missing_lines": 2, "excluded_lines": 0}, "missing_lines": [258, 259], "excluded_lines": []}, "ContextManager.context_span": {"executed_lines": [], "summary": {"covered_lines": 0, "num_statements": 7, "percent_covered": 0.0, "percent_covered_display": "0", "missing_lines": 7, "excluded_lines": 0}, "missing_lines": [272, 274, 275, 276, 278, 279, 281], "excluded_lines": []}, "ContextManager.fork_context": {"executed_lines": [], "summary": {"covered_lines": 0, "num_statements": 5, "percent_covered": 0.0, "percent_covered_display": "0", "missing_lines": 5, "excluded_lines": 0}, "missing_lines": [293, 294, 295, 298, 310], "excluded_lines": []}, "ContextManager.ensure_context": {"executed_lines": [], "summary": {"covered_lines": 0, "num_statements": 6, "percent_covered": 0.0, "percent_covered_display": "0", "missing_lines": 6, "excluded_lines": 0}, "missing_lines": [326, 327, 328, 330, 335, 336], "excluded_lines": []}, "get_context": {"executed_lines": [], "summary": {"covered_lines": 0, "num_statements": 1, "percent_covered": 0.0, "percent_covered_display": "0", "missing_lines": 1, "excluded_lines": 0}, "missing_lines": [346], "excluded_lines": []}, "set_context": {"executed_lines": [], "summary": {"covered_lines": 0, "num_statements": 1, "percent_covered": 0.0, "percent_covered_display": "0", "missing_lines": 1, "excluded_lines": 0}, "missing_lines": [351], "excluded_lines": []}, "clear_context": {"executed_lines": [], "summary": {"covered_lines": 0, "num_statements": 1, "percent_covered": 0.0, "percent_covered_display": "0", "missing_lines": 1, "excluded_lines": 0}, "missing_lines": [356], "excluded_lines": []}, "context_span": {"executed_lines": [], "summary": {"covered_lines": 0, "num_statements": 2, "percent_covered": 0.0, "percent_covered_display": "0", "missing_lines": 2, "excluded_lines": 0}, "missing_lines": [370, 371], "excluded_lines": []}, "current_context": {"executed_lines": [], "summary": {"covered_lines": 0, "num_statements": 1, "percent_covered": 0.0, "percent_covered_display": "0", "missing_lines": 1, "excluded_lines": 0}, "missing_lines": [376], "excluded_lines": []}, "ensure_context": {"executed_lines": [], "summary": {"covered_lines": 0, "num_statements": 1, "percent_covered": 0.0, "percent_covered_display": "0", "missing_lines": 1, "excluded_lines": 0}, "missing_lines": [391], "excluded_lines": []}, "": {"executed_lines": [1, 8, 9, 10, 11, 12, 13, 16, 19, 24, 27, 28, 29, 31, 32, 33, 34, 35, 37, 38, 45, 56, 57, 58, 60, 61, 62, 63, 64, 65, 66, 67, 70, 71, 72, 74, 75, 76, 77, 78, 79, 80, 81, 83, 84, 89, 90, 91, 98, 99, 100, 101, 102, 103, 104, 105, 106, 108, 109, 124, 139, 154, 169, 187, 229, 230, 237, 240, 244, 256, 261, 262, 283, 312, 340, 344, 349, 354, 359, 360, 374, 379], "summary": {"covered_lines": 76, "num_statements": 76, "percent_covered": 100.0, "percent_covered_display": "100", "missing_lines": 0, "excluded_lines": 0}, "missing_lines": [], "excluded_lines": []}}, "classes": {"TraceContext": {"executed_lines": [], "summary": {"covered_lines": 0, "num_statements": 2, "percent_covered": 0.0, "percent_covered_display": "0", "missing_lines": 2, "excluded_lines": 0}, "missing_lines": [40, 47], "excluded_lines": []}, "UserContext": {"executed_lines": [], "summary": {"covered_lines": 0, "num_statements": 0, "percent_covered": 100.0, "percent_covered_display": "100", "missing_lines": 0, "excluded_lines": 0}, "missing_lines": [], "excluded_lines": []}, "RequestContext": {"executed_lines": [], "summary": {"covered_lines": 0, "num_statements": 1, "percent_covered": 0.0, "percent_covered_display": "0", "missing_lines": 1, "excluded_lines": 0}, "missing_lines": [86], "excluded_lines": []}, "Context": {"executed_lines": [], "summary": {"covered_lines": 0, "num_statements": 19, "percent_covered": 0.0, "percent_covered_display": "0", "missing_lines": 19, "excluded_lines": 0}, "missing_lines": [117, 126, 137, 141, 152, 156, 167, 171, 172, 174, 185, 189, 198, 199, 208, 209, 218, 219, 226], "excluded_lines": []}, "ContextManager": {"executed_lines": [238], "summary": {"covered_lines": 1, "num_statements": 24, "percent_covered": 4.166666666666667, "percent_covered_display": "4", "missing_lines": 23, "excluded_lines": 0}, "missing_lines": [242, 246, 247, 258, 259, 272, 274, 275, 276, 278, 279, 281, 293, 294, 295, 298, 310, 326, 327, 328, 330, 335, 336], "excluded_lines": []}, "": {"executed_lines": [1, 8, 9, 10, 11, 12, 13, 16, 19, 24, 27, 28, 29, 31, 32, 33, 34, 35, 37, 38, 45, 56, 57, 58, 60, 61, 62, 63, 64, 65, 66, 67, 70, 71, 72, 74, 75, 76, 77, 78, 79, 80, 81, 83, 84, 89, 90, 91, 98, 99, 100, 101, 102, 103, 104, 105, 106, 108, 109, 124, 139, 154, 169, 187, 229, 230, 237, 240, 244, 256, 261, 262, 283, 312, 340, 344, 349, 354, 359, 360, 374, 379], "summary": {"covered_lines": 76, "num_statements": 83, "percent_covered": 91.56626506024097, "percent_covered_display": "92", "missing_lines": 7, "excluded_lines": 0}, "missing_lines": [346, 351, 356, 370, 371, 376, 391], "excluded_lines": []}}}, "core/context/manager.py": {"executed_lines": [], "summary": {"covered_lines": 0, "num_statements": 343, "percent_covered": 0.0, "percent_covered_display": "0", "missing_lines": 343, "excluded_lines": 0}, "missing_lines": [14, 15, 16, 17, 18, 19, 20, 21, 23, 24, 27, 28, 29, 30, 31, 32, 33, 34, 35, 38, 39, 47, 48, 49, 52, 56, 58, 66, 67, 75, 76, 77, 78, 79, 80, 81, 83, 85, 95, 97, 99, 101, 104, 105, 113, 114, 115, 116, 117, 118, 120, 122, 131, 133, 143, 144, 152, 153, 154, 155, 156, 157, 160, 163, 165, 167, 176, 177, 179, 180, 182, 184, 186, 191, 192, 193, 194, 196, 197, 198, 199, 200, 202, 205, 213, 227, 228, 229, 230, 232, 233, 266, 267, 268, 269, 270, 273, 284, 286, 287, 288, 289, 290, 291, 292, 293, 294, 295, 296, 297, 298, 299, 300, 301, 302, 303, 305, 313, 317, 318, 319, 320, 323, 324, 325, 326, 328, 330, 331, 356, 357, 358, 359, 360, 362, 369, 370, 373, 374, 376, 378, 379, 380, 383, 384, 385, 388, 389, 391, 398, 400, 401, 407, 408, 417, 418, 420, 421, 422, 423, 425, 426, 428, 429, 430, 431, 433, 440, 441, 443, 444, 447, 448, 449, 450, 456, 457, 458, 459, 466, 476, 483, 485, 487, 499, 500, 501, 502, 503, 505, 509, 519, 520, 521, 524, 531, 534, 541, 545, 547, 550, 552, 555, 557, 560, 562, 565, 567, 570, 572, 575, 577, 580, 582, 585, 587, 590, 592, 595, 597, 600, 602, 605, 607, 610, 612, 615, 617, 620, 622, 625, 627, 628, 629, 632, 634, 637, 639, 642, 644, 645, 646, 650, 652, 655, 676, 677, 678, 681, 687, 689, 690, 691, 694, 696, 697, 698, 700, 702, 717, 732, 733, 734, 735, 736, 737, 740, 742, 743, 744, 746, 755, 765, 768, 769, 770, 771, 774, 775, 776, 778, 779, 780, 783, 784, 785, 786, 788, 789, 790, 791, 793, 796, 807, 809, 821, 822, 823, 824, 827, 828, 831, 832, 834, 835, 838, 839, 840, 841, 842, 843, 845, 848, 849, 850, 851, 852, 853, 854, 855, 857, 861, 864, 866, 870, 879, 880, 885, 886, 889, 890, 892, 894, 896, 898, 901, 902, 909, 910, 913, 914, 916, 917], "excluded_lines": [], "functions": {"CorrelationID.to_dict": {"executed_lines": [], "summary": {"covered_lines": 0, "num_statements": 1, "percent_covered": 0.0, "percent_covered_display": "0", "missing_lines": 1, "excluded_lines": 0}, "missing_lines": [58], "excluded_lines": []}, "UserContext.to_dict": {"executed_lines": [], "summary": {"covered_lines": 0, "num_statements": 1, "percent_covered": 0.0, "percent_covered_display": "0", "missing_lines": 1, "excluded_lines": 0}, "missing_lines": [85], "excluded_lines": []}, "UserContext.has_role": {"executed_lines": [], "summary": {"covered_lines": 0, "num_statements": 1, "percent_covered": 0.0, "percent_covered_display": "0", "missing_lines": 1, "excluded_lines": 0}, "missing_lines": [97], "excluded_lines": []}, "UserContext.has_permission": {"executed_lines": [], "summary": {"covered_lines": 0, "num_statements": 1, "percent_covered": 0.0, "percent_covered_display": "0", "missing_lines": 1, "excluded_lines": 0}, "missing_lines": [101], "excluded_lines": []}, "TraceContext.to_dict": {"executed_lines": [], "summary": {"covered_lines": 0, "num_statements": 1, "percent_covered": 0.0, "percent_covered_display": "0", "missing_lines": 1, "excluded_lines": 0}, "missing_lines": [122], "excluded_lines": []}, "TraceContext.create_child_span": {"executed_lines": [], "summary": {"covered_lines": 0, "num_statements": 1, "percent_covered": 0.0, "percent_covered_display": "0", "missing_lines": 1, "excluded_lines": 0}, "missing_lines": [133], "excluded_lines": []}, "RequestContext.to_dict": {"executed_lines": [], "summary": {"covered_lines": 0, "num_statements": 6, "percent_covered": 0.0, "percent_covered_display": "0", "missing_lines": 6, "excluded_lines": 0}, "missing_lines": [167, 176, 177, 179, 180, 182], "excluded_lines": []}, "RequestContext.get_logger_context": {"executed_lines": [], "summary": {"covered_lines": 0, "num_statements": 11, "percent_covered": 0.0, "percent_covered_display": "0", "missing_lines": 11, "excluded_lines": 0}, "missing_lines": [186, 191, 192, 193, 194, 196, 197, 198, 199, 200, 202], "excluded_lines": []}, "ContextManager.__init__": {"executed_lines": [], "summary": {"covered_lines": 0, "num_statements": 4, "percent_covered": 0.0, "percent_covered_display": "0", "missing_lines": 4, "excluded_lines": 0}, "missing_lines": [227, 228, 229, 230], "excluded_lines": []}, "ContextManager.request_context": {"executed_lines": [], "summary": {"covered_lines": 0, "num_statements": 36, "percent_covered": 0.0, "percent_covered_display": "0", "missing_lines": 36, "excluded_lines": 0}, "missing_lines": [266, 267, 268, 269, 270, 273, 284, 286, 287, 288, 289, 290, 291, 292, 293, 294, 295, 296, 297, 298, 299, 300, 301, 302, 303, 305, 313, 317, 318, 319, 320, 323, 324, 325, 326, 328], "excluded_lines": []}, "ContextManager.trace_span": {"executed_lines": [], "summary": {"covered_lines": 0, "num_statements": 37, "percent_covered": 0.0, "percent_covered_display": "0", "missing_lines": 37, "excluded_lines": 0}, "missing_lines": [356, 357, 358, 359, 360, 362, 369, 370, 373, 374, 376, 378, 379, 380, 383, 384, 385, 388, 389, 391, 398, 400, 401, 407, 408, 417, 418, 420, 421, 422, 423, 425, 426, 428, 429, 430, 431], "excluded_lines": []}, "ContextManager.get_current_context": {"executed_lines": [], "summary": {"covered_lines": 0, "num_statements": 13, "percent_covered": 0.0, "percent_covered_display": "0", "missing_lines": 13, "excluded_lines": 0}, "missing_lines": [440, 441, 443, 444, 447, 448, 449, 450, 456, 457, 458, 459, 466], "excluded_lines": []}, "ContextManager.copy_context": {"executed_lines": [], "summary": {"covered_lines": 0, "num_statements": 1, "percent_covered": 0.0, "percent_covered_display": "0", "missing_lines": 1, "excluded_lines": 0}, "missing_lines": [483], "excluded_lines": []}, "ContextManager.clear_context": {"executed_lines": [], "summary": {"covered_lines": 0, "num_statements": 7, "percent_covered": 0.0, "percent_covered_display": "0", "missing_lines": 7, "excluded_lines": 0}, "missing_lines": [487, 499, 500, 501, 502, 503, 505], "excluded_lines": []}, "generate_correlation_id": {"executed_lines": [], "summary": {"covered_lines": 0, "num_statements": 3, "percent_covered": 0.0, "percent_covered_display": "0", "missing_lines": 3, "excluded_lines": 0}, "missing_lines": [519, 520, 521], "excluded_lines": []}, "generate_trace_id": {"executed_lines": [], "summary": {"covered_lines": 0, "num_statements": 1, "percent_covered": 0.0, "percent_covered_display": "0", "missing_lines": 1, "excluded_lines": 0}, "missing_lines": [531], "excluded_lines": []}, "generate_span_id": {"executed_lines": [], "summary": {"covered_lines": 0, "num_statements": 1, "percent_covered": 0.0, "percent_covered_display": "0", "missing_lines": 1, "excluded_lines": 0}, "missing_lines": [541], "excluded_lines": []}, "get_correlation_id": {"executed_lines": [], "summary": {"covered_lines": 0, "num_statements": 1, "percent_covered": 0.0, "percent_covered_display": "0", "missing_lines": 1, "excluded_lines": 0}, "missing_lines": [547], "excluded_lines": []}, "set_correlation_id": {"executed_lines": [], "summary": {"covered_lines": 0, "num_statements": 1, "percent_covered": 0.0, "percent_covered_display": "0", "missing_lines": 1, "excluded_lines": 0}, "missing_lines": [552], "excluded_lines": []}, "get_request_id": {"executed_lines": [], "summary": {"covered_lines": 0, "num_statements": 1, "percent_covered": 0.0, "percent_covered_display": "0", "missing_lines": 1, "excluded_lines": 0}, "missing_lines": [557], "excluded_lines": []}, "set_request_id": {"executed_lines": [], "summary": {"covered_lines": 0, "num_statements": 1, "percent_covered": 0.0, "percent_covered_display": "0", "missing_lines": 1, "excluded_lines": 0}, "missing_lines": [562], "excluded_lines": []}, "get_user_id": {"executed_lines": [], "summary": {"covered_lines": 0, "num_statements": 1, "percent_covered": 0.0, "percent_covered_display": "0", "missing_lines": 1, "excluded_lines": 0}, "missing_lines": [567], "excluded_lines": []}, "set_user_id": {"executed_lines": [], "summary": {"covered_lines": 0, "num_statements": 1, "percent_covered": 0.0, "percent_covered_display": "0", "missing_lines": 1, "excluded_lines": 0}, "missing_lines": [572], "excluded_lines": []}, "get_session_id": {"executed_lines": [], "summary": {"covered_lines": 0, "num_statements": 1, "percent_covered": 0.0, "percent_covered_display": "0", "missing_lines": 1, "excluded_lines": 0}, "missing_lines": [577], "excluded_lines": []}, "set_session_id": {"executed_lines": [], "summary": {"covered_lines": 0, "num_statements": 1, "percent_covered": 0.0, "percent_covered_display": "0", "missing_lines": 1, "excluded_lines": 0}, "missing_lines": [582], "excluded_lines": []}, "get_trace_id": {"executed_lines": [], "summary": {"covered_lines": 0, "num_statements": 1, "percent_covered": 0.0, "percent_covered_display": "0", "missing_lines": 1, "excluded_lines": 0}, "missing_lines": [587], "excluded_lines": []}, "set_trace_id": {"executed_lines": [], "summary": {"covered_lines": 0, "num_statements": 1, "percent_covered": 0.0, "percent_covered_display": "0", "missing_lines": 1, "excluded_lines": 0}, "missing_lines": [592], "excluded_lines": []}, "get_span_id": {"executed_lines": [], "summary": {"covered_lines": 0, "num_statements": 1, "percent_covered": 0.0, "percent_covered_display": "0", "missing_lines": 1, "excluded_lines": 0}, "missing_lines": [597], "excluded_lines": []}, "set_span_id": {"executed_lines": [], "summary": {"covered_lines": 0, "num_statements": 1, "percent_covered": 0.0, "percent_covered_display": "0", "missing_lines": 1, "excluded_lines": 0}, "missing_lines": [602], "excluded_lines": []}, "get_parent_span_id": {"executed_lines": [], "summary": {"covered_lines": 0, "num_statements": 1, "percent_covered": 0.0, "percent_covered_display": "0", "missing_lines": 1, "excluded_lines": 0}, "missing_lines": [607], "excluded_lines": []}, "set_parent_span_id": {"executed_lines": [], "summary": {"covered_lines": 0, "num_statements": 1, "percent_covered": 0.0, "percent_covered_display": "0", "missing_lines": 1, "excluded_lines": 0}, "missing_lines": [612], "excluded_lines": []}, "get_baggage": {"executed_lines": [], "summary": {"covered_lines": 0, "num_statements": 1, "percent_covered": 0.0, "percent_covered_display": "0", "missing_lines": 1, "excluded_lines": 0}, "missing_lines": [617], "excluded_lines": []}, "set_baggage": {"executed_lines": [], "summary": {"covered_lines": 0, "num_statements": 1, "percent_covered": 0.0, "percent_covered_display": "0", "missing_lines": 1, "excluded_lines": 0}, "missing_lines": [622], "excluded_lines": []}, "add_baggage": {"executed_lines": [], "summary": {"covered_lines": 0, "num_statements": 3, "percent_covered": 0.0, "percent_covered_display": "0", "missing_lines": 3, "excluded_lines": 0}, "missing_lines": [627, 628, 629], "excluded_lines": []}, "get_metadata": {"executed_lines": [], "summary": {"covered_lines": 0, "num_statements": 1, "percent_covered": 0.0, "percent_covered_display": "0", "missing_lines": 1, "excluded_lines": 0}, "missing_lines": [634], "excluded_lines": []}, "set_metadata": {"executed_lines": [], "summary": {"covered_lines": 0, "num_statements": 1, "percent_covered": 0.0, "percent_covered_display": "0", "missing_lines": 1, "excluded_lines": 0}, "missing_lines": [639], "excluded_lines": []}, "add_metadata": {"executed_lines": [], "summary": {"covered_lines": 0, "num_statements": 3, "percent_covered": 0.0, "percent_covered_display": "0", "missing_lines": 3, "excluded_lines": 0}, "missing_lines": [644, 645, 646], "excluded_lines": []}, "get_current_context": {"executed_lines": [], "summary": {"covered_lines": 0, "num_statements": 1, "percent_covered": 0.0, "percent_covered_display": "0", "missing_lines": 1, "excluded_lines": 0}, "missing_lines": [652], "excluded_lines": []}, "set_user_context": {"executed_lines": [], "summary": {"covered_lines": 0, "num_statements": 8, "percent_covered": 0.0, "percent_covered_display": "0", "missing_lines": 8, "excluded_lines": 0}, "missing_lines": [676, 677, 678, 681, 687, 689, 690, 691], "excluded_lines": []}, "get_user_context": {"executed_lines": [], "summary": {"covered_lines": 0, "num_statements": 5, "percent_covered": 0.0, "percent_covered_display": "0", "missing_lines": 5, "excluded_lines": 0}, "missing_lines": [696, 697, 698, 700, 702], "excluded_lines": []}, "set_trace_context": {"executed_lines": [], "summary": {"covered_lines": 0, "num_statements": 6, "percent_covered": 0.0, "percent_covered_display": "0", "missing_lines": 6, "excluded_lines": 0}, "missing_lines": [732, 733, 734, 735, 736, 737], "excluded_lines": []}, "get_trace_context": {"executed_lines": [], "summary": {"covered_lines": 0, "num_statements": 4, "percent_covered": 0.0, "percent_covered_display": "0", "missing_lines": 4, "excluded_lines": 0}, "missing_lines": [742, 743, 744, 746], "excluded_lines": []}, "propagate_headers": {"executed_lines": [], "summary": {"covered_lines": 0, "num_statements": 20, "percent_covered": 0.0, "percent_covered_display": "0", "missing_lines": 20, "excluded_lines": 0}, "missing_lines": [765, 768, 769, 770, 771, 774, 775, 776, 778, 779, 780, 783, 784, 785, 786, 788, 789, 790, 791, 793], "excluded_lines": []}, "extract_headers": {"executed_lines": [], "summary": {"covered_lines": 0, "num_statements": 28, "percent_covered": 0.0, "percent_covered_display": "0", "missing_lines": 28, "excluded_lines": 0}, "missing_lines": [807, 809, 821, 822, 823, 824, 827, 828, 831, 832, 834, 835, 838, 839, 840, 841, 842, 843, 845, 848, 849, 850, 851, 852, 853, 854, 855, 857], "excluded_lines": []}, "get_context_manager": {"executed_lines": [], "summary": {"covered_lines": 0, "num_statements": 1, "percent_covered": 0.0, "percent_covered_display": "0", "missing_lines": 1, "excluded_lines": 0}, "missing_lines": [866], "excluded_lines": []}, "example_usage": {"executed_lines": [], "summary": {"covered_lines": 0, "num_statements": 4, "percent_covered": 0.0, "percent_covered_display": "0", "missing_lines": 4, "excluded_lines": 0}, "missing_lines": [879, 889, 901, 909], "excluded_lines": []}, "example_usage.handle_request": {"executed_lines": [], "summary": {"covered_lines": 0, "num_statements": 3, "percent_covered": 0.0, "percent_covered_display": "0", "missing_lines": 3, "excluded_lines": 0}, "missing_lines": [880, 885, 886], "excluded_lines": []}, "example_usage.process_data": {"executed_lines": [], "summary": {"covered_lines": 0, "num_statements": 5, "percent_covered": 0.0, "percent_covered_display": "0", "missing_lines": 5, "excluded_lines": 0}, "missing_lines": [890, 892, 894, 896, 898], "excluded_lines": []}, "example_usage.call_external_service": {"executed_lines": [], "summary": {"covered_lines": 0, "num_statements": 1, "percent_covered": 0.0, "percent_covered_display": "0", "missing_lines": 1, "excluded_lines": 0}, "missing_lines": [902], "excluded_lines": []}, "example_usage.handle_incoming_request": {"executed_lines": [], "summary": {"covered_lines": 0, "num_statements": 5, "percent_covered": 0.0, "percent_covered_display": "0", "missing_lines": 5, "excluded_lines": 0}, "missing_lines": [910, 913, 914, 916, 917], "excluded_lines": []}, "": {"executed_lines": [], "summary": {"covered_lines": 0, "num_statements": 102, "percent_covered": 0.0, "percent_covered_display": "0", "missing_lines": 102, "excluded_lines": 0}, "missing_lines": [14, 15, 16, 17, 18, 19, 20, 21, 23, 24, 27, 28, 29, 30, 31, 32, 33, 34, 35, 38, 39, 47, 48, 49, 52, 56, 66, 67, 75, 76, 77, 78, 79, 80, 81, 83, 95, 99, 104, 105, 113, 114, 115, 116, 117, 118, 120, 131, 143, 144, 152, 153, 154, 155, 156, 157, 160, 163, 165, 184, 205, 213, 232, 233, 330, 331, 433, 476, 485, 509, 524, 534, 545, 550, 555, 560, 565, 570, 575, 580, 585, 590, 595, 600, 605, 610, 615, 620, 625, 632, 637, 642, 650, 655, 694, 717, 740, 755, 796, 861, 864, 870], "excluded_lines": []}}, "classes": {"CorrelationID": {"executed_lines": [], "summary": {"covered_lines": 0, "num_statements": 1, "percent_covered": 0.0, "percent_covered_display": "0", "missing_lines": 1, "excluded_lines": 0}, "missing_lines": [58], "excluded_lines": []}, "UserContext": {"executed_lines": [], "summary": {"covered_lines": 0, "num_statements": 3, "percent_covered": 0.0, "percent_covered_display": "0", "missing_lines": 3, "excluded_lines": 0}, "missing_lines": [85, 97, 101], "excluded_lines": []}, "TraceContext": {"executed_lines": [], "summary": {"covered_lines": 0, "num_statements": 2, "percent_covered": 0.0, "percent_covered_display": "0", "missing_lines": 2, "excluded_lines": 0}, "missing_lines": [122, 133], "excluded_lines": []}, "RequestContext": {"executed_lines": [], "summary": {"covered_lines": 0, "num_statements": 17, "percent_covered": 0.0, "percent_covered_display": "0", "missing_lines": 17, "excluded_lines": 0}, "missing_lines": [167, 176, 177, 179, 180, 182, 186, 191, 192, 193, 194, 196, 197, 198, 199, 200, 202], "excluded_lines": []}, "ContextManager": {"executed_lines": [], "summary": {"covered_lines": 0, "num_statements": 98, "percent_covered": 0.0, "percent_covered_display": "0", "missing_lines": 98, "excluded_lines": 0}, "missing_lines": [227, 228, 229, 230, 266, 267, 268, 269, 270, 273, 284, 286, 287, 288, 289, 290, 291, 292, 293, 294, 295, 296, 297, 298, 299, 300, 301, 302, 303, 305, 313, 317, 318, 319, 320, 323, 324, 325, 326, 328, 356, 357, 358, 359, 360, 362, 369, 370, 373, 374, 376, 378, 379, 380, 383, 384, 385, 388, 389, 391, 398, 400, 401, 407, 408, 417, 418, 420, 421, 422, 423, 425, 426, 428, 429, 430, 431, 440, 441, 443, 444, 447, 448, 449, 450, 456, 457, 458, 459, 466, 483, 487, 499, 500, 501, 502, 503, 505], "excluded_lines": []}, "": {"executed_lines": [], "summary": {"covered_lines": 0, "num_statements": 222, "percent_covered": 0.0, "percent_covered_display": "0", "missing_lines": 222, "excluded_lines": 0}, "missing_lines": [14, 15, 16, 17, 18, 19, 20, 21, 23, 24, 27, 28, 29, 30, 31, 32, 33, 34, 35, 38, 39, 47, 48, 49, 52, 56, 66, 67, 75, 76, 77, 78, 79, 80, 81, 83, 95, 99, 104, 105, 113, 114, 115, 116, 117, 118, 120, 131, 143, 144, 152, 153, 154, 155, 156, 157, 160, 163, 165, 184, 205, 213, 232, 233, 330, 331, 433, 476, 485, 509, 519, 520, 521, 524, 531, 534, 541, 545, 547, 550, 552, 555, 557, 560, 562, 565, 567, 570, 572, 575, 577, 580, 582, 585, 587, 590, 592, 595, 597, 600, 602, 605, 607, 610, 612, 615, 617, 620, 622, 625, 627, 628, 629, 632, 634, 637, 639, 642, 644, 645, 646, 650, 652, 655, 676, 677, 678, 681, 687, 689, 690, 691, 694, 696, 697, 698, 700, 702, 717, 732, 733, 734, 735, 736, 737, 740, 742, 743, 744, 746, 755, 765, 768, 769, 770, 771, 774, 775, 776, 778, 779, 780, 783, 784, 785, 786, 788, 789, 790, 791, 793, 796, 807, 809, 821, 822, 823, 824, 827, 828, 831, 832, 834, 835, 838, 839, 840, 841, 842, 843, 845, 848, 849, 850, 851, 852, 853, 854, 855, 857, 861, 864, 866, 870, 879, 880, 885, 886, 889, 890, 892, 894, 896, 898, 901, 902, 909, 910, 913, 914, 916, 917], "excluded_lines": []}}}, "core/errors/handler.py": {"executed_lines": [1, 12, 13, 14, 15, 16, 17, 18, 21, 22, 24, 25, 26, 27, 28, 31, 32, 34, 35, 36, 37, 38, 39, 40, 41, 42, 43, 44, 45, 46, 47, 50, 51, 52, 54, 55, 56, 57, 58, 59, 60, 61, 62, 64, 79, 80, 86, 98, 99, 100, 101, 102, 103, 104, 105, 106, 107, 108, 110, 112, 114, 121, 123, 125, 154, 159, 160, 162, 171, 172, 174, 188, 189, 191, 201, 202, 204, 214, 215, 217, 239, 240, 246, 251, 278, 304, 308, 317, 320, 333], "summary": {"covered_lines": 79, "num_statements": 141, "percent_covered": 56.02836879432624, "percent_covered_display": "56", "missing_lines": 62, "excluded_lines": 0}, "missing_lines": [66, 127, 140, 141, 143, 144, 149, 150, 152, 156, 163, 175, 176, 177, 178, 179, 192, 193, 194, 195, 196, 205, 206, 207, 208, 209, 224, 225, 226, 227, 228, 229, 230, 247, 248, 249, 264, 265, 266, 267, 270, 273, 274, 276, 282, 291, 292, 294, 295, 296, 297, 298, 300, 306, 311, 312, 313, 323, 324, 326, 330, 346], "excluded_lines": [], "functions": {"ErrorContext.to_dict": {"executed_lines": [], "summary": {"covered_lines": 0, "num_statements": 1, "percent_covered": 0.0, "percent_covered_display": "0", "missing_lines": 1, "excluded_lines": 0}, "missing_lines": [66], "excluded_lines": []}, "GenesisError.__init__": {"executed_lines": [98, 99, 100, 101, 102, 103, 104, 105, 106, 107, 108], "summary": {"covered_lines": 11, "num_statements": 11, "percent_covered": 100.0, "percent_covered_display": "100", "missing_lines": 0, "excluded_lines": 0}, "missing_lines": [], "excluded_lines": []}, "GenesisError._create_default_context": {"executed_lines": [112, 114], "summary": {"covered_lines": 2, "num_statements": 2, "percent_covered": 100.0, "percent_covered_display": "100", "missing_lines": 0, "excluded_lines": 0}, "missing_lines": [], "excluded_lines": []}, "GenesisError._capture_stack_trace": {"executed_lines": [123], "summary": {"covered_lines": 1, "num_statements": 1, "percent_covered": 100.0, "percent_covered_display": "100", "missing_lines": 0, "excluded_lines": 0}, "missing_lines": [], "excluded_lines": []}, "GenesisError.to_dict": {"executed_lines": [], "summary": {"covered_lines": 0, "num_statements": 8, "percent_covered": 0.0, "percent_covered_display": "0", "missing_lines": 8, "excluded_lines": 0}, "missing_lines": [127, 140, 141, 143, 144, 149, 150, 152], "excluded_lines": []}, "GenesisError.to_json": {"executed_lines": [], "summary": {"covered_lines": 0, "num_statements": 1, "percent_covered": 0.0, "percent_covered_display": "0", "missing_lines": 1, "excluded_lines": 0}, "missing_lines": [156], "excluded_lines": []}, "InfrastructureError.__init__": {"executed_lines": [], "summary": {"covered_lines": 0, "num_statements": 1, "percent_covered": 0.0, "percent_covered_display": "0", "missing_lines": 1, "excluded_lines": 0}, "missing_lines": [163], "excluded_lines": []}, "ValidationError.__init__": {"executed_lines": [], "summary": {"covered_lines": 0, "num_statements": 5, "percent_covered": 0.0, "percent_covered_display": "0", "missing_lines": 5, "excluded_lines": 0}, "missing_lines": [175, 176, 177, 178, 179], "excluded_lines": []}, "NetworkError.__init__": {"executed_lines": [], "summary": {"covered_lines": 0, "num_statements": 5, "percent_covered": 0.0, "percent_covered_display": "0", "missing_lines": 5, "excluded_lines": 0}, "missing_lines": [192, 193, 194, 195, 196], "excluded_lines": []}, "TimeoutError.__init__": {"executed_lines": [], "summary": {"covered_lines": 0, "num_statements": 5, "percent_covered": 0.0, "percent_covered_display": "0", "missing_lines": 5, "excluded_lines": 0}, "missing_lines": [205, 206, 207, 208, 209], "excluded_lines": []}, "RateLimitError.__init__": {"executed_lines": [], "summary": {"covered_lines": 0, "num_statements": 7, "percent_covered": 0.0, "percent_covered_display": "0", "missing_lines": 7, "excluded_lines": 0}, "missing_lines": [224, 225, 226, 227, 228, 229, 230], "excluded_lines": []}, "ErrorHandler.__init__": {"executed_lines": [], "summary": {"covered_lines": 0, "num_statements": 3, "percent_covered": 0.0, "percent_covered_display": "0", "missing_lines": 3, "excluded_lines": 0}, "missing_lines": [247, 248, 249], "excluded_lines": []}, "ErrorHandler.handle": {"executed_lines": [], "summary": {"covered_lines": 0, "num_statements": 8, "percent_covered": 0.0, "percent_covered_display": "0", "missing_lines": 8, "excluded_lines": 0}, "missing_lines": [264, 265, 266, 267, 270, 273, 274, 276], "excluded_lines": []}, "ErrorHandler._convert_to_genesis_error": {"executed_lines": [], "summary": {"covered_lines": 0, "num_statements": 9, "percent_covered": 0.0, "percent_covered_display": "0", "missing_lines": 9, "excluded_lines": 0}, "missing_lines": [282, 291, 292, 294, 295, 296, 297, 298, 300], "excluded_lines": []}, "ErrorHandler.add_handler": {"executed_lines": [], "summary": {"covered_lines": 0, "num_statements": 1, "percent_covered": 0.0, "percent_covered_display": "0", "missing_lines": 1, "excluded_lines": 0}, "missing_lines": [306], "excluded_lines": []}, "ErrorHandler.log_error": {"executed_lines": [], "summary": {"covered_lines": 0, "num_statements": 3, "percent_covered": 0.0, "percent_covered_display": "0", "missing_lines": 3, "excluded_lines": 0}, "missing_lines": [311, 312, 313], "excluded_lines": []}, "get_error_handler": {"executed_lines": [], "summary": {"covered_lines": 0, "num_statements": 4, "percent_covered": 0.0, "percent_covered_display": "0", "missing_lines": 4, "excluded_lines": 0}, "missing_lines": [323, 324, 326, 330], "excluded_lines": []}, "handle_error": {"executed_lines": [], "summary": {"covered_lines": 0, "num_statements": 1, "percent_covered": 0.0, "percent_covered_display": "0", "missing_lines": 1, "excluded_lines": 0}, "missing_lines": [346], "excluded_lines": []}, "": {"executed_lines": [1, 12, 13, 14, 15, 16, 17, 18, 21, 22, 24, 25, 26, 27, 28, 31, 32, 34, 35, 36, 37, 38, 39, 40, 41, 42, 43, 44, 45, 46, 47, 50, 51, 52, 54, 55, 56, 57, 58, 59, 60, 61, 62, 64, 79, 80, 86, 110, 121, 125, 154, 159, 160, 162, 171, 172, 174, 188, 189, 191, 201, 202, 204, 214, 215, 217, 239, 240, 246, 251, 278, 304, 308, 317, 320, 333], "summary": {"covered_lines": 65, "num_statements": 65, "percent_covered": 100.0, "percent_covered_display": "100", "missing_lines": 0, "excluded_lines": 0}, "missing_lines": [], "excluded_lines": []}}, "classes": {"ErrorSeverity": {"executed_lines": [], "summary": {"covered_lines": 0, "num_statements": 0, "percent_covered": 100.0, "percent_covered_display": "100", "missing_lines": 0, "excluded_lines": 0}, "missing_lines": [], "excluded_lines": []}, "ErrorCategory": {"executed_lines": [], "summary": {"covered_lines": 0, "num_statements": 0, "percent_covered": 100.0, "percent_covered_display": "100", "missing_lines": 0, "excluded_lines": 0}, "missing_lines": [], "excluded_lines": []}, "ErrorContext": {"executed_lines": [], "summary": {"covered_lines": 0, "num_statements": 1, "percent_covered": 0.0, "percent_covered_display": "0", "missing_lines": 1, "excluded_lines": 0}, "missing_lines": [66], "excluded_lines": []}, "GenesisError": {"executed_lines": [98, 99, 100, 101, 102, 103, 104, 105, 106, 107, 108, 112, 114, 123], "summary": {"covered_lines": 14, "num_statements": 23, "percent_covered": 60.869565217391305, "percent_covered_display": "61", "missing_lines": 9, "excluded_lines": 0}, "missing_lines": [127, 140, 141, 143, 144, 149, 150, 152, 156], "excluded_lines": []}, "InfrastructureError": {"executed_lines": [], "summary": {"covered_lines": 0, "num_statements": 1, "percent_covered": 0.0, "percent_covered_display": "0", "missing_lines": 1, "excluded_lines": 0}, "missing_lines": [163], "excluded_lines": []}, "ValidationError": {"executed_lines": [], "summary": {"covered_lines": 0, "num_statements": 5, "percent_covered": 0.0, "percent_covered_display": "0", "missing_lines": 5, "excluded_lines": 0}, "missing_lines": [175, 176, 177, 178, 179], "excluded_lines": []}, "NetworkError": {"executed_lines": [], "summary": {"covered_lines": 0, "num_statements": 5, "percent_covered": 0.0, "percent_covered_display": "0", "missing_lines": 5, "excluded_lines": 0}, "missing_lines": [192, 193, 194, 195, 196], "excluded_lines": []}, "TimeoutError": {"executed_lines": [], "summary": {"covered_lines": 0, "num_statements": 5, "percent_covered": 0.0, "percent_covered_display": "0", "missing_lines": 5, "excluded_lines": 0}, "missing_lines": [205, 206, 207, 208, 209], "excluded_lines": []}, "RateLimitError": {"executed_lines": [], "summary": {"covered_lines": 0, "num_statements": 7, "percent_covered": 0.0, "percent_covered_display": "0", "missing_lines": 7, "excluded_lines": 0}, "missing_lines": [224, 225, 226, 227, 228, 229, 230], "excluded_lines": []}, "ErrorHandler": {"executed_lines": [], "summary": {"covered_lines": 0, "num_statements": 24, "percent_covered": 0.0, "percent_covered_display": "0", "missing_lines": 24, "excluded_lines": 0}, "missing_lines": [247, 248, 249, 264, 265, 266, 267, 270, 273, 274, 276, 282, 291, 292, 294, 295, 296, 297, 298, 300, 306, 311, 312, 313], "excluded_lines": []}, "": {"executed_lines": [1, 12, 13, 14, 15, 16, 17, 18, 21, 22, 24, 25, 26, 27, 28, 31, 32, 34, 35, 36, 37, 38, 39, 40, 41, 42, 43, 44, 45, 46, 47, 50, 51, 52, 54, 55, 56, 57, 58, 59, 60, 61, 62, 64, 79, 80, 86, 110, 121, 125, 154, 159, 160, 162, 171, 172, 174, 188, 189, 191, 201, 202, 204, 214, 215, 217, 239, 240, 246, 251, 278, 304, 308, 317, 320, 333], "summary": {"covered_lines": 65, "num_statements": 70, "percent_covered": 92.85714285714286, "percent_covered_display": "93", "missing_lines": 5, "excluded_lines": 0}, "missing_lines": [323, 324, 326, 330, 346], "excluded_lines": []}}}, "core/health/__init__.py": {"executed_lines": [1, 27, 32], "summary": {"covered_lines": 2, "num_statements": 2, "percent_covered": 100.0, "percent_covered_display": "100", "missing_lines": 0, "excluded_lines": 0}, "missing_lines": [], "excluded_lines": [], "functions": {"": {"executed_lines": [1, 27, 32], "summary": {"covered_lines": 2, "num_statements": 2, "percent_covered": 100.0, "percent_covered_display": "100", "missing_lines": 0, "excluded_lines": 0}, "missing_lines": [], "excluded_lines": []}}, "classes": {"": {"executed_lines": [1, 27, 32], "summary": {"covered_lines": 2, "num_statements": 2, "percent_covered": 100.0, "percent_covered_display": "100", "missing_lines": 0, "excluded_lines": 0}, "missing_lines": [], "excluded_lines": []}}}, "core/health/checker.py": {"executed_lines": [1, 14, 15, 16, 17, 18, 19, 20, 21, 22, 23, 25, 26, 30, 31, 35, 36, 40, 41, 44, 45, 47, 48, 49, 50, 53, 54, 56, 57, 58, 61, 62, 63, 75, 76, 77, 78, 79, 80, 82, 93, 97, 101, 106, 107, 114, 139, 140, 152, 197, 198, 205, 239, 304, 305, 312, 335, 386, 387, 394, 417, 462, 463, 470, 490, 554, 555, 556, 563, 564, 565, 566, 567, 568, 570, 581, 586, 587, 594, 622, 650, 666, 681, 737, 837, 860, 865, 890, 891, 898, 908, 938, 969, 1000], "summary": {"covered_lines": 82, "num_statements": 322, "percent_covered": 25.46583850931677, "percent_covered_display": "25", "missing_lines": 240, "excluded_lines": 0}, "missing_lines": [27, 28, 32, 33, 37, 38, 84, 95, 99, 103, 132, 133, 134, 135, 136, 137, 150, 159, 161, 162, 165, 166, 168, 169, 170, 175, 182, 183, 184, 189, 229, 230, 231, 232, 235, 236, 237, 241, 242, 250, 252, 253, 254, 260, 261, 264, 265, 266, 267, 268, 270, 279, 280, 282, 283, 289, 295, 296, 330, 331, 332, 333, 339, 340, 342, 343, 345, 346, 347, 349, 355, 367, 369, 371, 377, 378, 412, 413, 414, 415, 419, 420, 421, 423, 434, 435, 440, 441, 447, 453, 454, 486, 487, 488, 492, 493, 500, 501, 502, 503, 505, 507, 527, 528, 533, 534, 540, 546, 547, 572, 583, 608, 609, 610, 612, 613, 619, 620, 634, 637, 639, 640, 641, 643, 652, 653, 656, 657, 658, 661, 662, 664, 676, 677, 679, 699, 700, 708, 709, 710, 713, 714, 717, 719, 720, 723, 725, 731, 733, 734, 735, 752, 753, 755, 756, 763, 764, 765, 767, 768, 769, 770, 771, 772, 773, 776, 777, 778, 780, 781, 782, 784, 786, 792, 794, 795, 798, 799, 802, 805, 815, 816, 818, 819, 820, 821, 823, 825, 842, 843, 846, 847, 850, 851, 854, 855, 858, 862, 863, 867, 868, 874, 875, 876, 878, 879, 881, 887, 905, 906, 918, 919, 921, 922, 928, 934, 935, 936, 948, 949, 951, 952, 958, 965, 966, 967, 979, 980, 982, 983, 989, 996, 997, 998, 1010, 1011, 1012, 1014, 1015, 1016], "excluded_lines": [], "functions": {"HealthCheckResult.to_dict": {"executed_lines": [], "summary": {"covered_lines": 0, "num_statements": 1, "percent_covered": 0.0, "percent_covered_display": "0", "missing_lines": 1, "excluded_lines": 0}, "missing_lines": [84], "excluded_lines": []}, "HealthCheckResult.is_healthy": {"executed_lines": [], "summary": {"covered_lines": 0, "num_statements": 1, "percent_covered": 0.0, "percent_covered_display": "0", "missing_lines": 1, "excluded_lines": 0}, "missing_lines": [95], "excluded_lines": []}, "HealthCheckResult.is_degraded": {"executed_lines": [], "summary": {"covered_lines": 0, "num_statements": 1, "percent_covered": 0.0, "percent_covered_display": "0", "missing_lines": 1, "excluded_lines": 0}, "missing_lines": [99], "excluded_lines": []}, "HealthCheckResult.is_unhealthy": {"executed_lines": [], "summary": {"covered_lines": 0, "num_statements": 1, "percent_covered": 0.0, "percent_covered_display": "0", "missing_lines": 1, "excluded_lines": 0}, "missing_lines": [103], "excluded_lines": []}, "HealthCheck.__init__": {"executed_lines": [], "summary": {"covered_lines": 0, "num_statements": 6, "percent_covered": 0.0, "percent_covered_display": "0", "missing_lines": 6, "excluded_lines": 0}, "missing_lines": [132, 133, 134, 135, 136, 137], "excluded_lines": []}, "HealthCheck.check_health": {"executed_lines": [], "summary": {"covered_lines": 0, "num_statements": 1, "percent_covered": 0.0, "percent_covered_display": "0", "missing_lines": 1, "excluded_lines": 0}, "missing_lines": [150], "excluded_lines": []}, "HealthCheck.execute_with_timeout": {"executed_lines": [], "summary": {"covered_lines": 0, "num_statements": 13, "percent_covered": 0.0, "percent_covered_display": "0", "missing_lines": 13, "excluded_lines": 0}, "missing_lines": [159, 161, 162, 165, 166, 168, 169, 170, 175, 182, 183, 184, 189], "excluded_lines": []}, "HTTPHealthCheck.__init__": {"executed_lines": [], "summary": {"covered_lines": 0, "num_statements": 7, "percent_covered": 0.0, "percent_covered_display": "0", "missing_lines": 7, "excluded_lines": 0}, "missing_lines": [229, 230, 231, 232, 235, 236, 237], "excluded_lines": []}, "HTTPHealthCheck.check_health": {"executed_lines": [], "summary": {"covered_lines": 0, "num_statements": 21, "percent_covered": 0.0, "percent_covered_display": "0", "missing_lines": 21, "excluded_lines": 0}, "missing_lines": [241, 242, 250, 252, 253, 254, 260, 261, 264, 265, 266, 267, 268, 270, 279, 280, 282, 283, 289, 295, 296], "excluded_lines": []}, "DatabaseHealthCheck.__init__": {"executed_lines": [], "summary": {"covered_lines": 0, "num_statements": 4, "percent_covered": 0.0, "percent_covered_display": "0", "missing_lines": 4, "excluded_lines": 0}, "missing_lines": [330, 331, 332, 333], "excluded_lines": []}, "DatabaseHealthCheck.check_health": {"executed_lines": [], "summary": {"covered_lines": 0, "num_statements": 14, "percent_covered": 0.0, "percent_covered_display": "0", "missing_lines": 14, "excluded_lines": 0}, "missing_lines": [339, 340, 342, 343, 345, 346, 347, 349, 355, 367, 369, 371, 377, 378], "excluded_lines": []}, "DiskHealthCheck.__init__": {"executed_lines": [], "summary": {"covered_lines": 0, "num_statements": 4, "percent_covered": 0.0, "percent_covered_display": "0", "missing_lines": 4, "excluded_lines": 0}, "missing_lines": [412, 413, 414, 415], "excluded_lines": []}, "DiskHealthCheck.check_health": {"executed_lines": [], "summary": {"covered_lines": 0, "num_statements": 11, "percent_covered": 0.0, "percent_covered_display": "0", "missing_lines": 11, "excluded_lines": 0}, "missing_lines": [419, 420, 421, 423, 434, 435, 440, 441, 447, 453, 454], "excluded_lines": []}, "MemoryHealthCheck.__init__": {"executed_lines": [], "summary": {"covered_lines": 0, "num_statements": 3, "percent_covered": 0.0, "percent_covered_display": "0", "missing_lines": 3, "excluded_lines": 0}, "missing_lines": [486, 487, 488], "excluded_lines": []}, "MemoryHealthCheck.check_health": {"executed_lines": [], "summary": {"covered_lines": 0, "num_statements": 15, "percent_covered": 0.0, "percent_covered_display": "0", "missing_lines": 15, "excluded_lines": 0}, "missing_lines": [492, 493, 500, 501, 502, 503, 505, 507, 527, 528, 533, 534, 540, 546, 547], "excluded_lines": []}, "HealthReport.to_dict": {"executed_lines": [], "summary": {"covered_lines": 0, "num_statements": 1, "percent_covered": 0.0, "percent_covered_display": "0", "missing_lines": 1, "excluded_lines": 0}, "missing_lines": [572], "excluded_lines": []}, "HealthReport.to_json": {"executed_lines": [], "summary": {"covered_lines": 0, "num_statements": 1, "percent_covered": 0.0, "percent_covered_display": "0", "missing_lines": 1, "excluded_lines": 0}, "missing_lines": [583], "excluded_lines": []}, "HealthCheckRegistry.__init__": {"executed_lines": [], "summary": {"covered_lines": 0, "num_statements": 7, "percent_covered": 0.0, "percent_covered_display": "0", "missing_lines": 7, "excluded_lines": 0}, "missing_lines": [608, 609, 610, 612, 613, 619, 620], "excluded_lines": []}, "HealthCheckRegistry.add_check": {"executed_lines": [], "summary": {"covered_lines": 0, "num_statements": 6, "percent_covered": 0.0, "percent_covered_display": "0", "missing_lines": 6, "excluded_lines": 0}, "missing_lines": [634, 637, 639, 640, 641, 643], "excluded_lines": []}, "HealthCheckRegistry.remove_check": {"executed_lines": [], "summary": {"covered_lines": 0, "num_statements": 8, "percent_covered": 0.0, "percent_covered_display": "0", "missing_lines": 8, "excluded_lines": 0}, "missing_lines": [652, 653, 656, 657, 658, 661, 662, 664], "excluded_lines": []}, "HealthCheckRegistry.get_check_names": {"executed_lines": [], "summary": {"covered_lines": 0, "num_statements": 3, "percent_covered": 0.0, "percent_covered_display": "0", "missing_lines": 3, "excluded_lines": 0}, "missing_lines": [676, 677, 679], "excluded_lines": []}, "HealthCheckRegistry.run_check": {"executed_lines": [], "summary": {"covered_lines": 0, "num_statements": 16, "percent_covered": 0.0, "percent_covered_display": "0", "missing_lines": 16, "excluded_lines": 0}, "missing_lines": [699, 700, 708, 709, 710, 713, 714, 717, 719, 720, 723, 725, 731, 733, 734, 735], "excluded_lines": []}, "HealthCheckRegistry.check_health": {"executed_lines": [], "summary": {"covered_lines": 0, "num_statements": 37, "percent_covered": 0.0, "percent_covered_display": "0", "missing_lines": 37, "excluded_lines": 0}, "missing_lines": [752, 753, 755, 756, 763, 764, 765, 767, 768, 769, 770, 771, 772, 773, 776, 777, 778, 780, 781, 782, 784, 786, 792, 794, 795, 798, 799, 802, 805, 815, 816, 818, 819, 820, 821, 823, 825], "excluded_lines": []}, "HealthCheckRegistry._calculate_overall_status": {"executed_lines": [], "summary": {"covered_lines": 0, "num_statements": 9, "percent_covered": 0.0, "percent_covered_display": "0", "missing_lines": 9, "excluded_lines": 0}, "missing_lines": [842, 843, 846, 847, 850, 851, 854, 855, 858], "excluded_lines": []}, "HealthCheckRegistry.clear_cache": {"executed_lines": [], "summary": {"covered_lines": 0, "num_statements": 2, "percent_covered": 0.0, "percent_covered_display": "0", "missing_lines": 2, "excluded_lines": 0}, "missing_lines": [862, 863], "excluded_lines": []}, "HealthCheckRegistry.get_cache_stats": {"executed_lines": [], "summary": {"covered_lines": 0, "num_statements": 9, "percent_covered": 0.0, "percent_covered_display": "0", "missing_lines": 9, "excluded_lines": 0}, "missing_lines": [867, 868, 874, 875, 876, 878, 879, 881, 887], "excluded_lines": []}, "KubernetesProbeHandler.__init__": {"executed_lines": [], "summary": {"covered_lines": 0, "num_statements": 2, "percent_covered": 0.0, "percent_covered_display": "0", "missing_lines": 2, "excluded_lines": 0}, "missing_lines": [905, 906], "excluded_lines": []}, "KubernetesProbeHandler.liveness_probe": {"executed_lines": [], "summary": {"covered_lines": 0, "num_statements": 8, "percent_covered": 0.0, "percent_covered_display": "0", "missing_lines": 8, "excluded_lines": 0}, "missing_lines": [918, 919, 921, 922, 928, 934, 935, 936], "excluded_lines": []}, "KubernetesProbeHandler.readiness_probe": {"executed_lines": [], "summary": {"covered_lines": 0, "num_statements": 8, "percent_covered": 0.0, "percent_covered_display": "0", "missing_lines": 8, "excluded_lines": 0}, "missing_lines": [948, 949, 951, 952, 958, 965, 966, 967], "excluded_lines": []}, "KubernetesProbeHandler.startup_probe": {"executed_lines": [], "summary": {"covered_lines": 0, "num_statements": 8, "percent_covered": 0.0, "percent_covered_display": "0", "missing_lines": 8, "excluded_lines": 0}, "missing_lines": [979, 980, 982, 983, 989, 996, 997, 998], "excluded_lines": []}, "KubernetesProbeHandler.health_check": {"executed_lines": [], "summary": {"covered_lines": 0, "num_statements": 6, "percent_covered": 0.0, "percent_covered_display": "0", "missing_lines": 6, "excluded_lines": 0}, "missing_lines": [1010, 1011, 1012, 1014, 1015, 1016], "excluded_lines": []}, "": {"executed_lines": [1, 14, 15, 16, 17, 18, 19, 20, 21, 22, 23, 25, 26, 30, 31, 35, 36, 40, 41, 44, 45, 47, 48, 49, 50, 53, 54, 56, 57, 58, 61, 62, 63, 75, 76, 77, 78, 79, 80, 82, 93, 97, 101, 106, 107, 114, 139, 140, 152, 197, 198, 205, 239, 304, 305, 312, 335, 386, 387, 394, 417, 462, 463, 470, 490, 554, 555, 556, 563, 564, 565, 566, 567, 568, 570, 581, 586, 587, 594, 622, 650, 666, 681, 737, 837, 860, 865, 890, 891, 898, 908, 938, 969, 1000], "summary": {"covered_lines": 82, "num_statements": 88, "percent_covered": 93.18181818181819, "percent_covered_display": "93", "missing_lines": 6, "excluded_lines": 0}, "missing_lines": [27, 28, 32, 33, 37, 38], "excluded_lines": []}}, "classes": {"HealthStatus": {"executed_lines": [], "summary": {"covered_lines": 0, "num_statements": 0, "percent_covered": 100.0, "percent_covered_display": "100", "missing_lines": 0, "excluded_lines": 0}, "missing_lines": [], "excluded_lines": []}, "ProbeType": {"executed_lines": [], "summary": {"covered_lines": 0, "num_statements": 0, "percent_covered": 100.0, "percent_covered_display": "100", "missing_lines": 0, "excluded_lines": 0}, "missing_lines": [], "excluded_lines": []}, "HealthCheckResult": {"executed_lines": [], "summary": {"covered_lines": 0, "num_statements": 4, "percent_covered": 0.0, "percent_covered_display": "0", "missing_lines": 4, "excluded_lines": 0}, "missing_lines": [84, 95, 99, 103], "excluded_lines": []}, "HealthCheck": {"executed_lines": [], "summary": {"covered_lines": 0, "num_statements": 20, "percent_covered": 0.0, "percent_covered_display": "0", "missing_lines": 20, "excluded_lines": 0}, "missing_lines": [132, 133, 134, 135, 136, 137, 150, 159, 161, 162, 165, 166, 168, 169, 170, 175, 182, 183, 184, 189], "excluded_lines": []}, "HTTPHealthCheck": {"executed_lines": [], "summary": {"covered_lines": 0, "num_statements": 28, "percent_covered": 0.0, "percent_covered_display": "0", "missing_lines": 28, "excluded_lines": 0}, "missing_lines": [229, 230, 231, 232, 235, 236, 237, 241, 242, 250, 252, 253, 254, 260, 261, 264, 265, 266, 267, 268, 270, 279, 280, 282, 283, 289, 295, 296], "excluded_lines": []}, "DatabaseHealthCheck": {"executed_lines": [], "summary": {"covered_lines": 0, "num_statements": 18, "percent_covered": 0.0, "percent_covered_display": "0", "missing_lines": 18, "excluded_lines": 0}, "missing_lines": [330, 331, 332, 333, 339, 340, 342, 343, 345, 346, 347, 349, 355, 367, 369, 371, 377, 378], "excluded_lines": []}, "DiskHealthCheck": {"executed_lines": [], "summary": {"covered_lines": 0, "num_statements": 15, "percent_covered": 0.0, "percent_covered_display": "0", "missing_lines": 15, "excluded_lines": 0}, "missing_lines": [412, 413, 414, 415, 419, 420, 421, 423, 434, 435, 440, 441, 447, 453, 454], "excluded_lines": []}, "MemoryHealthCheck": {"executed_lines": [], "summary": {"covered_lines": 0, "num_statements": 18, "percent_covered": 0.0, "percent_covered_display": "0", "missing_lines": 18, "excluded_lines": 0}, "missing_lines": [486, 487, 488, 492, 493, 500, 501, 502, 503, 505, 507, 527, 528, 533, 534, 540, 546, 547], "excluded_lines": []}, "HealthReport": {"executed_lines": [], "summary": {"covered_lines": 0, "num_statements": 2, "percent_covered": 0.0, "percent_covered_display": "0", "missing_lines": 2, "excluded_lines": 0}, "missing_lines": [572, 583], "excluded_lines": []}, "HealthCheckRegistry": {"executed_lines": [], "summary": {"covered_lines": 0, "num_statements": 97, "percent_covered": 0.0, "percent_covered_display": "0", "missing_lines": 97, "excluded_lines": 0}, "missing_lines": [608, 609, 610, 612, 613, 619, 620, 634, 637, 639, 640, 641, 643, 652, 653, 656, 657, 658, 661, 662, 664, 676, 677, 679, 699, 700, 708, 709, 710, 713, 714, 717, 719, 720, 723, 725, 731, 733, 734, 735, 752, 753, 755, 756, 763, 764, 765, 767, 768, 769, 770, 771, 772, 773, 776, 777, 778, 780, 781, 782, 784, 786, 792, 794, 795, 798, 799, 802, 805, 815, 816, 818, 819, 820, 821, 823, 825, 842, 843, 846, 847, 850, 851, 854, 855, 858, 862, 863, 867, 868, 874, 875, 876, 878, 879, 881, 887], "excluded_lines": []}, "KubernetesProbeHandler": {"executed_lines": [], "summary": {"covered_lines": 0, "num_statements": 32, "percent_covered": 0.0, "percent_covered_display": "0", "missing_lines": 32, "excluded_lines": 0}, "missing_lines": [905, 906, 918, 919, 921, 922, 928, 934, 935, 936, 948, 949, 951, 952, 958, 965, 966, 967, 979, 980, 982, 983, 989, 996, 997, 998, 1010, 1011, 1012, 1014, 1015, 1016], "excluded_lines": []}, "": {"executed_lines": [1, 14, 15, 16, 17, 18, 19, 20, 21, 22, 23, 25, 26, 30, 31, 35, 36, 40, 41, 44, 45, 47, 48, 49, 50, 53, 54, 56, 57, 58, 61, 62, 63, 75, 76, 77, 78, 79, 80, 82, 93, 97, 101, 106, 107, 114, 139, 140, 152, 197, 198, 205, 239, 304, 305, 312, 335, 386, 387, 394, 417, 462, 463, 470, 490, 554, 555, 556, 563, 564, 565, 566, 567, 568, 570, 581, 586, 587, 594, 622, 650, 666, 681, 737, 837, 860, 865, 890, 891, 898, 908, 938, 969, 1000], "summary": {"covered_lines": 82, "num_statements": 88, "percent_covered": 93.18181818181819, "percent_covered_display": "93", "missing_lines": 6, "excluded_lines": 0}, "missing_lines": [27, 28, 32, 33, 37, 38], "excluded_lines": []}}}, "core/lifecycle/__init__.py": {"executed_lines": [], "summary": {"covered_lines": 0, "num_statements": 6, "percent_covered": 0.0, "percent_covered_display": "0", "missing_lines": 6, "excluded_lines": 0}, "missing_lines": [21, 23, 25, 27, 30, 54], "excluded_lines": [], "functions": {"": {"executed_lines": [], "summary": {"covered_lines": 0, "num_statements": 6, "percent_covered": 0.0, "percent_covered_display": "0", "missing_lines": 6, "excluded_lines": 0}, "missing_lines": [21, 23, 25, 27, 30, 54], "excluded_lines": []}}, "classes": {"": {"executed_lines": [], "summary": {"covered_lines": 0, "num_statements": 6, "percent_covered": 0.0, "percent_covered_display": "0", "missing_lines": 6, "excluded_lines": 0}, "missing_lines": [21, 23, 25, 27, 30, 54], "excluded_lines": []}}}, "core/lifecycle/hooks.py": {"executed_lines": [], "summary": {"covered_lines": 0, "num_statements": 221, "percent_covered": 0.0, "percent_covered_display": "0", "missing_lines": 221, "excluded_lines": 0}, "missing_lines": [15, 16, 17, 18, 19, 20, 21, 22, 23, 25, 26, 29, 32, 33, 34, 35, 36, 39, 43, 44, 45, 48, 49, 50, 53, 54, 55, 58, 59, 62, 63, 64, 67, 68, 71, 74, 75, 78, 79, 80, 81, 82, 84, 86, 88, 90, 92, 94, 97, 98, 101, 102, 103, 104, 105, 106, 108, 110, 120, 128, 137, 138, 139, 140, 141, 142, 143, 144, 146, 147, 157, 159, 171, 173, 183, 185, 187, 189, 190, 193, 196, 206, 208, 217, 220, 221, 223, 225, 226, 229, 232, 240, 241, 242, 243, 244, 245, 246, 249, 252, 259, 267, 268, 269, 272, 273, 274, 278, 279, 280, 283, 285, 289, 314, 316, 325, 326, 328, 339, 340, 341, 343, 344, 345, 346, 347, 348, 351, 353, 355, 372, 373, 375, 376, 377, 379, 380, 383, 387, 389, 391, 392, 393, 396, 397, 400, 403, 404, 405, 408, 409, 412, 414, 415, 417, 421, 423, 424, 426, 428, 433, 434, 439, 441, 448, 449, 451, 452, 453, 458, 459, 461, 468, 469, 471, 472, 474, 481, 483, 484, 486, 488, 489, 490, 491, 493, 495, 496, 497, 498, 500, 502, 503, 505, 507, 508, 517, 519, 521, 522, 525, 527, 528, 529, 533, 553, 554, 555, 563, 565, 569, 572, 584, 585, 587, 588, 590, 593, 604, 605, 609], "excluded_lines": [], "functions": {"HookContext.get": {"executed_lines": [], "summary": {"covered_lines": 0, "num_statements": 1, "percent_covered": 0.0, "percent_covered_display": "0", "missing_lines": 1, "excluded_lines": 0}, "missing_lines": [86], "excluded_lines": []}, "HookContext.set": {"executed_lines": [], "summary": {"covered_lines": 0, "num_statements": 1, "percent_covered": 0.0, "percent_covered_display": "0", "missing_lines": 1, "excluded_lines": 0}, "missing_lines": [90], "excluded_lines": []}, "HookContext.add_result": {"executed_lines": [], "summary": {"covered_lines": 0, "num_statements": 1, "percent_covered": 0.0, "percent_covered_display": "0", "missing_lines": 1, "excluded_lines": 0}, "missing_lines": [94], "excluded_lines": []}, "HookResult.to_dict": {"executed_lines": [], "summary": {"covered_lines": 0, "num_statements": 1, "percent_covered": 0.0, "percent_covered_display": "0", "missing_lines": 1, "excluded_lines": 0}, "missing_lines": [110], "excluded_lines": []}, "LifecycleHook.__init__": {"executed_lines": [], "summary": {"covered_lines": 0, "num_statements": 8, "percent_covered": 0.0, "percent_covered_display": "0", "missing_lines": 8, "excluded_lines": 0}, "missing_lines": [137, 138, 139, 140, 141, 142, 143, 144], "excluded_lines": []}, "LifecycleHook.execute": {"executed_lines": [], "summary": {"covered_lines": 0, "num_statements": 1, "percent_covered": 0.0, "percent_covered_display": "0", "missing_lines": 1, "excluded_lines": 0}, "missing_lines": [157], "excluded_lines": []}, "LifecycleHook.can_execute": {"executed_lines": [], "summary": {"covered_lines": 0, "num_statements": 1, "percent_covered": 0.0, "percent_covered_display": "0", "missing_lines": 1, "excluded_lines": 0}, "missing_lines": [171], "excluded_lines": []}, "LifecycleHook.on_error": {"executed_lines": [], "summary": {"covered_lines": 0, "num_statements": 1, "percent_covered": 0.0, "percent_covered_display": "0", "missing_lines": 1, "excluded_lines": 0}, "missing_lines": [183], "excluded_lines": []}, "LifecycleHook.__lt__": {"executed_lines": [], "summary": {"covered_lines": 0, "num_statements": 1, "percent_covered": 0.0, "percent_covered_display": "0", "missing_lines": 1, "excluded_lines": 0}, "missing_lines": [187], "excluded_lines": []}, "LifecycleHook.__repr__": {"executed_lines": [], "summary": {"covered_lines": 0, "num_statements": 1, "percent_covered": 0.0, "percent_covered_display": "0", "missing_lines": 1, "excluded_lines": 0}, "missing_lines": [190], "excluded_lines": []}, "FunctionHook.__init__": {"executed_lines": [], "summary": {"covered_lines": 0, "num_statements": 5, "percent_covered": 0.0, "percent_covered_display": "0", "missing_lines": 5, "excluded_lines": 0}, "missing_lines": [206, 208, 217, 220, 221], "excluded_lines": []}, "FunctionHook.execute": {"executed_lines": [], "summary": {"covered_lines": 0, "num_statements": 3, "percent_covered": 0.0, "percent_covered_display": "0", "missing_lines": 3, "excluded_lines": 0}, "missing_lines": [225, 226, 229], "excluded_lines": []}, "HookManager.__init__": {"executed_lines": [], "summary": {"covered_lines": 0, "num_statements": 8, "percent_covered": 0.0, "percent_covered_display": "0", "missing_lines": 8, "excluded_lines": 0}, "missing_lines": [241, 242, 243, 244, 245, 246, 249, 252], "excluded_lines": []}, "HookManager.register_hook": {"executed_lines": [], "summary": {"covered_lines": 0, "num_statements": 11, "percent_covered": 0.0, "percent_covered_display": "0", "missing_lines": 11, "excluded_lines": 0}, "missing_lines": [267, 268, 269, 272, 273, 274, 278, 279, 280, 283, 285], "excluded_lines": []}, "HookManager.register_function": {"executed_lines": [], "summary": {"covered_lines": 0, "num_statements": 4, "percent_covered": 0.0, "percent_covered_display": "0", "missing_lines": 4, "excluded_lines": 0}, "missing_lines": [314, 316, 325, 326], "excluded_lines": []}, "HookManager.unregister_hook": {"executed_lines": [], "summary": {"covered_lines": 0, "num_statements": 11, "percent_covered": 0.0, "percent_covered_display": "0", "missing_lines": 11, "excluded_lines": 0}, "missing_lines": [339, 340, 341, 343, 344, 345, 346, 347, 348, 351, 353], "excluded_lines": []}, "HookManager.trigger_event": {"executed_lines": [], "summary": {"covered_lines": 0, "num_statements": 24, "percent_covered": 0.0, "percent_covered_display": "0", "missing_lines": 24, "excluded_lines": 0}, "missing_lines": [372, 373, 375, 376, 377, 379, 380, 383, 387, 389, 391, 392, 393, 396, 397, 400, 403, 404, 405, 408, 409, 412, 414, 415], "excluded_lines": []}, "HookManager._execute_single_hook": {"executed_lines": [], "summary": {"covered_lines": 0, "num_statements": 22, "percent_covered": 0.0, "percent_covered_display": "0", "missing_lines": 22, "excluded_lines": 0}, "missing_lines": [421, 423, 424, 426, 428, 433, 434, 439, 441, 448, 449, 451, 452, 453, 458, 459, 461, 468, 469, 471, 472, 474], "excluded_lines": []}, "HookManager.get_hooks_for_event": {"executed_lines": [], "summary": {"covered_lines": 0, "num_statements": 2, "percent_covered": 0.0, "percent_covered_display": "0", "missing_lines": 2, "excluded_lines": 0}, "missing_lines": [483, 484], "excluded_lines": []}, "HookManager.get_hook_count": {"executed_lines": [], "summary": {"covered_lines": 0, "num_statements": 4, "percent_covered": 0.0, "percent_covered_display": "0", "missing_lines": 4, "excluded_lines": 0}, "missing_lines": [488, 489, 490, 491], "excluded_lines": []}, "HookManager.get_execution_history": {"executed_lines": [], "summary": {"covered_lines": 0, "num_statements": 4, "percent_covered": 0.0, "percent_covered_display": "0", "missing_lines": 4, "excluded_lines": 0}, "missing_lines": [495, 496, 497, 498], "excluded_lines": []}, "HookManager.clear_history": {"executed_lines": [], "summary": {"covered_lines": 0, "num_statements": 2, "percent_covered": 0.0, "percent_covered_display": "0", "missing_lines": 2, "excluded_lines": 0}, "missing_lines": [502, 503], "excluded_lines": []}, "HookManager.get_statistics": {"executed_lines": [], "summary": {"covered_lines": 0, "num_statements": 2, "percent_covered": 0.0, "percent_covered_display": "0", "missing_lines": 2, "excluded_lines": 0}, "missing_lines": [507, 508], "excluded_lines": []}, "HookManager.health_check": {"executed_lines": [], "summary": {"covered_lines": 0, "num_statements": 7, "percent_covered": 0.0, "percent_covered_display": "0", "missing_lines": 7, "excluded_lines": 0}, "missing_lines": [519, 521, 522, 525, 527, 528, 529], "excluded_lines": []}, "lifecycle_hook": {"executed_lines": [], "summary": {"covered_lines": 0, "num_statements": 2, "percent_covered": 0.0, "percent_covered_display": "0", "missing_lines": 2, "excluded_lines": 0}, "missing_lines": [553, 565], "excluded_lines": []}, "lifecycle_hook.decorator": {"executed_lines": [], "summary": {"covered_lines": 0, "num_statements": 3, "percent_covered": 0.0, "percent_covered_display": "0", "missing_lines": 3, "excluded_lines": 0}, "missing_lines": [554, 555, 563], "excluded_lines": []}, "get_hook_manager": {"executed_lines": [], "summary": {"covered_lines": 0, "num_statements": 5, "percent_covered": 0.0, "percent_covered_display": "0", "missing_lines": 5, "excluded_lines": 0}, "missing_lines": [584, 585, 587, 588, 590], "excluded_lines": []}, "configure_hook_manager": {"executed_lines": [], "summary": {"covered_lines": 0, "num_statements": 2, "percent_covered": 0.0, "percent_covered_display": "0", "missing_lines": 2, "excluded_lines": 0}, "missing_lines": [604, 605], "excluded_lines": []}, "": {"executed_lines": [], "summary": {"covered_lines": 0, "num_statements": 83, "percent_covered": 0.0, "percent_covered_display": "0", "missing_lines": 83, "excluded_lines": 0}, "missing_lines": [15, 16, 17, 18, 19, 20, 21, 22, 23, 25, 26, 29, 32, 33, 34, 35, 36, 39, 43, 44, 45, 48, 49, 50, 53, 54, 55, 58, 59, 62, 63, 64, 67, 68, 71, 74, 75, 78, 79, 80, 81, 82, 84, 88, 92, 97, 98, 101, 102, 103, 104, 105, 106, 108, 120, 128, 146, 147, 159, 173, 185, 189, 193, 196, 223, 232, 240, 259, 289, 328, 355, 417, 481, 486, 493, 500, 505, 517, 533, 569, 572, 593, 609], "excluded_lines": []}}, "classes": {"HookPriority": {"executed_lines": [], "summary": {"covered_lines": 0, "num_statements": 0, "percent_covered": 100.0, "percent_covered_display": "100", "missing_lines": 0, "excluded_lines": 0}, "missing_lines": [], "excluded_lines": []}, "HookEvent": {"executed_lines": [], "summary": {"covered_lines": 0, "num_statements": 0, "percent_covered": 100.0, "percent_covered_display": "100", "missing_lines": 0, "excluded_lines": 0}, "missing_lines": [], "excluded_lines": []}, "HookContext": {"executed_lines": [], "summary": {"covered_lines": 0, "num_statements": 3, "percent_covered": 0.0, "percent_covered_display": "0", "missing_lines": 3, "excluded_lines": 0}, "missing_lines": [86, 90, 94], "excluded_lines": []}, "HookResult": {"executed_lines": [], "summary": {"covered_lines": 0, "num_statements": 1, "percent_covered": 0.0, "percent_covered_display": "0", "missing_lines": 1, "excluded_lines": 0}, "missing_lines": [110], "excluded_lines": []}, "LifecycleHook": {"executed_lines": [], "summary": {"covered_lines": 0, "num_statements": 13, "percent_covered": 0.0, "percent_covered_display": "0", "missing_lines": 13, "excluded_lines": 0}, "missing_lines": [137, 138, 139, 140, 141, 142, 143, 144, 157, 171, 183, 187, 190], "excluded_lines": []}, "FunctionHook": {"executed_lines": [], "summary": {"covered_lines": 0, "num_statements": 8, "percent_covered": 0.0, "percent_covered_display": "0", "missing_lines": 8, "excluded_lines": 0}, "missing_lines": [206, 208, 217, 220, 221, 225, 226, 229], "excluded_lines": []}, "HookManager": {"executed_lines": [], "summary": {"covered_lines": 0, "num_statements": 101, "percent_covered": 0.0, "percent_covered_display": "0", "missing_lines": 101, "excluded_lines": 0}, "missing_lines": [241, 242, 243, 244, 245, 246, 249, 252, 267, 268, 269, 272, 273, 274, 278, 279, 280, 283, 285, 314, 316, 325, 326, 339, 340, 341, 343, 344, 345, 346, 347, 348, 351, 353, 372, 373, 375, 376, 377, 379, 380, 383, 387, 389, 391, 392, 393, 396, 397, 400, 403, 404, 405, 408, 409, 412, 414, 415, 421, 423, 424, 426, 428, 433, 434, 439, 441, 448, 449, 451, 452, 453, 458, 459, 461, 468, 469, 471, 472, 474, 483, 484, 488, 489, 490, 491, 495, 496, 497, 498, 502, 503, 507, 508, 519, 521, 522, 525, 527, 528, 529], "excluded_lines": []}, "": {"executed_lines": [], "summary": {"covered_lines": 0, "num_statements": 95, "percent_covered": 0.0, "percent_covered_display": "0", "missing_lines": 95, "excluded_lines": 0}, "missing_lines": [15, 16, 17, 18, 19, 20, 21, 22, 23, 25, 26, 29, 32, 33, 34, 35, 36, 39, 43, 44, 45, 48, 49, 50, 53, 54, 55, 58, 59, 62, 63, 64, 67, 68, 71, 74, 75, 78, 79, 80, 81, 82, 84, 88, 92, 97, 98, 101, 102, 103, 104, 105, 106, 108, 120, 128, 146, 147, 159, 173, 185, 189, 193, 196, 223, 232, 240, 259, 289, 328, 355, 417, 481, 486, 493, 500, 505, 517, 533, 553, 554, 555, 563, 565, 569, 572, 584, 585, 587, 588, 590, 593, 604, 605, 609], "excluded_lines": []}}}, "core/lifecycle/integration_example.py": {"executed_lines": [], "summary": {"covered_lines": 0, "num_statements": 189, "percent_covered": 0.0, "percent_covered_display": "0", "missing_lines": 189, "excluded_lines": 0}, "missing_lines": [15, 16, 17, 18, 19, 22, 23, 24, 27, 39, 40, 41, 42, 45, 57, 58, 59, 60, 63, 64, 65, 67, 71, 75, 84, 93, 103, 111, 119, 127, 131, 142, 153, 163, 167, 172, 177, 182, 187, 189, 191, 193, 200, 201, 203, 204, 205, 209, 211, 213, 215, 221, 222, 224, 225, 228, 230, 232, 241, 242, 244, 245, 246, 253, 255, 257, 259, 261, 263, 264, 266, 267, 269, 271, 273, 274, 276, 277, 279, 280, 282, 284, 286, 287, 289, 290, 292, 293, 296, 298, 300, 301, 302, 304, 306, 308, 309, 310, 312, 314, 316, 317, 318, 321, 323, 325, 327, 329, 330, 331, 333, 335, 337, 338, 339, 341, 344, 346, 348, 350, 352, 354, 356, 359, 374, 378, 383, 384, 387, 390, 392, 395, 396, 398, 399, 401, 403, 404, 406, 408, 409, 411, 413, 414, 417, 419, 421, 422, 423, 424, 426, 432, 434, 436, 437, 438, 439, 441, 443, 445, 449, 453, 455, 457, 458, 460, 461, 462, 463, 466, 467, 468, 471, 472, 475, 476, 478, 479, 480, 481, 482, 485, 486, 488, 491, 492, 493, 496, 497], "excluded_lines": [], "functions": {"GenesisServiceExample.__init__": {"executed_lines": [], "summary": {"covered_lines": 0, "num_statements": 12, "percent_covered": 0.0, "percent_covered_display": "0", "missing_lines": 12, "excluded_lines": 0}, "missing_lines": [40, 41, 42, 45, 57, 58, 59, 60, 63, 64, 65, 67], "excluded_lines": []}, "GenesisServiceExample._setup_lifecycle_hooks": {"executed_lines": [], "summary": {"covered_lines": 0, "num_statements": 6, "percent_covered": 0.0, "percent_covered_display": "0", "missing_lines": 6, "excluded_lines": 0}, "missing_lines": [75, 84, 93, 103, 111, 119], "excluded_lines": []}, "GenesisServiceExample._setup_dependencies": {"executed_lines": [], "summary": {"covered_lines": 0, "num_statements": 3, "percent_covered": 0.0, "percent_covered_display": "0", "missing_lines": 3, "excluded_lines": 0}, "missing_lines": [131, 142, 153], "excluded_lines": []}, "GenesisServiceExample._setup_health_checks": {"executed_lines": [], "summary": {"covered_lines": 0, "num_statements": 4, "percent_covered": 0.0, "percent_covered_display": "0", "missing_lines": 4, "excluded_lines": 0}, "missing_lines": [167, 172, 177, 182], "excluded_lines": []}, "GenesisServiceExample._initialize_database": {"executed_lines": [], "summary": {"covered_lines": 0, "num_statements": 8, "percent_covered": 0.0, "percent_covered_display": "0", "missing_lines": 8, "excluded_lines": 0}, "missing_lines": [189, 191, 193, 200, 201, 203, 204, 205], "excluded_lines": []}, "GenesisServiceExample._initialize_cache": {"executed_lines": [], "summary": {"covered_lines": 0, "num_statements": 7, "percent_covered": 0.0, "percent_covered_display": "0", "missing_lines": 7, "excluded_lines": 0}, "missing_lines": [211, 213, 215, 221, 222, 224, 225], "excluded_lines": []}, "GenesisServiceExample._start_background_tasks": {"executed_lines": [], "summary": {"covered_lines": 0, "num_statements": 7, "percent_covered": 0.0, "percent_covered_display": "0", "missing_lines": 7, "excluded_lines": 0}, "missing_lines": [230, 232, 241, 242, 244, 245, 246], "excluded_lines": []}, "GenesisServiceExample._stop_background_tasks": {"executed_lines": [], "summary": {"covered_lines": 0, "num_statements": 8, "percent_covered": 0.0, "percent_covered_display": "0", "missing_lines": 8, "excluded_lines": 0}, "missing_lines": [255, 257, 259, 261, 263, 264, 266, 267], "excluded_lines": []}, "GenesisServiceExample._close_database": {"executed_lines": [], "summary": {"covered_lines": 0, "num_statements": 7, "percent_covered": 0.0, "percent_covered_display": "0", "missing_lines": 7, "excluded_lines": 0}, "missing_lines": [271, 273, 274, 276, 277, 279, 280], "excluded_lines": []}, "GenesisServiceExample._close_cache": {"executed_lines": [], "summary": {"covered_lines": 0, "num_statements": 7, "percent_covered": 0.0, "percent_covered_display": "0", "missing_lines": 7, "excluded_lines": 0}, "missing_lines": [284, 286, 287, 289, 290, 292, 293], "excluded_lines": []}, "GenesisServiceExample._check_database_dependency": {"executed_lines": [], "summary": {"covered_lines": 0, "num_statements": 4, "percent_covered": 0.0, "percent_covered_display": "0", "missing_lines": 4, "excluded_lines": 0}, "missing_lines": [298, 300, 301, 302], "excluded_lines": []}, "GenesisServiceExample._check_cache_dependency": {"executed_lines": [], "summary": {"covered_lines": 0, "num_statements": 4, "percent_covered": 0.0, "percent_covered_display": "0", "missing_lines": 4, "excluded_lines": 0}, "missing_lines": [306, 308, 309, 310], "excluded_lines": []}, "GenesisServiceExample._check_external_api_dependency": {"executed_lines": [], "summary": {"covered_lines": 0, "num_statements": 4, "percent_covered": 0.0, "percent_covered_display": "0", "missing_lines": 4, "excluded_lines": 0}, "missing_lines": [314, 316, 317, 318], "excluded_lines": []}, "GenesisServiceExample._check_application_health": {"executed_lines": [], "summary": {"covered_lines": 0, "num_statements": 1, "percent_covered": 0.0, "percent_covered_display": "0", "missing_lines": 1, "excluded_lines": 0}, "missing_lines": [323], "excluded_lines": []}, "GenesisServiceExample._check_database_health": {"executed_lines": [], "summary": {"covered_lines": 0, "num_statements": 4, "percent_covered": 0.0, "percent_covered_display": "0", "missing_lines": 4, "excluded_lines": 0}, "missing_lines": [327, 329, 330, 331], "excluded_lines": []}, "GenesisServiceExample._check_cache_health": {"executed_lines": [], "summary": {"covered_lines": 0, "num_statements": 4, "percent_covered": 0.0, "percent_covered_display": "0", "missing_lines": 4, "excluded_lines": 0}, "missing_lines": [335, 337, 338, 339], "excluded_lines": []}, "GenesisServiceExample._check_background_tasks_health": {"executed_lines": [], "summary": {"covered_lines": 0, "num_statements": 1, "percent_covered": 0.0, "percent_covered_display": "0", "missing_lines": 1, "excluded_lines": 0}, "missing_lines": [344], "excluded_lines": []}, "GenesisServiceExample.start": {"executed_lines": [], "summary": {"covered_lines": 0, "num_statements": 1, "percent_covered": 0.0, "percent_covered_display": "0", "missing_lines": 1, "excluded_lines": 0}, "missing_lines": [348], "excluded_lines": []}, "GenesisServiceExample.stop": {"executed_lines": [], "summary": {"covered_lines": 0, "num_statements": 1, "percent_covered": 0.0, "percent_covered_display": "0", "missing_lines": 1, "excluded_lines": 0}, "missing_lines": [352], "excluded_lines": []}, "GenesisServiceExample.get_status": {"executed_lines": [], "summary": {"covered_lines": 0, "num_statements": 3, "percent_covered": 0.0, "percent_covered_display": "0", "missing_lines": 3, "excluded_lines": 0}, "missing_lines": [356, 359, 374], "excluded_lines": []}, "create_web_server_with_lifecycle": {"executed_lines": [], "summary": {"covered_lines": 0, "num_statements": 10, "percent_covered": 0.0, "percent_covered_display": "0", "missing_lines": 10, "excluded_lines": 0}, "missing_lines": [383, 384, 387, 390, 392, 395, 419, 434, 441, 445], "excluded_lines": []}, "create_web_server_with_lifecycle.HealthHandler.do_GET": {"executed_lines": [], "summary": {"covered_lines": 0, "num_statements": 13, "percent_covered": 0.0, "percent_covered_display": "0", "missing_lines": 13, "excluded_lines": 0}, "missing_lines": [396, 398, 399, 401, 403, 404, 406, 408, 409, 411, 413, 414, 417], "excluded_lines": []}, "create_web_server_with_lifecycle.HealthHandler._send_health_response": {"executed_lines": [], "summary": {"covered_lines": 0, "num_statements": 6, "percent_covered": 0.0, "percent_covered_display": "0", "missing_lines": 6, "excluded_lines": 0}, "missing_lines": [421, 422, 423, 424, 426, 432], "excluded_lines": []}, "create_web_server_with_lifecycle.HealthHandler._send_json_response": {"executed_lines": [], "summary": {"covered_lines": 0, "num_statements": 4, "percent_covered": 0.0, "percent_covered_display": "0", "missing_lines": 4, "excluded_lines": 0}, "missing_lines": [436, 437, 438, 439], "excluded_lines": []}, "create_web_server_with_lifecycle.HealthHandler.log_message": {"executed_lines": [], "summary": {"covered_lines": 0, "num_statements": 1, "percent_covered": 0.0, "percent_covered_display": "0", "missing_lines": 1, "excluded_lines": 0}, "missing_lines": [443], "excluded_lines": []}, "main": {"executed_lines": [], "summary": {"covered_lines": 0, "num_statements": 23, "percent_covered": 0.0, "percent_covered_display": "0", "missing_lines": 23, "excluded_lines": 0}, "missing_lines": [453, 455, 457, 458, 460, 461, 462, 463, 466, 467, 468, 471, 472, 475, 476, 478, 479, 480, 481, 482, 485, 486, 488], "excluded_lines": []}, "": {"executed_lines": [], "summary": {"covered_lines": 0, "num_statements": 36, "percent_covered": 0.0, "percent_covered_display": "0", "missing_lines": 36, "excluded_lines": 0}, "missing_lines": [15, 16, 17, 18, 19, 22, 23, 24, 27, 39, 71, 127, 163, 187, 209, 228, 253, 269, 282, 296, 304, 312, 321, 325, 333, 341, 346, 350, 354, 378, 449, 491, 492, 493, 496, 497], "excluded_lines": []}}, "classes": {"GenesisServiceExample": {"executed_lines": [], "summary": {"covered_lines": 0, "num_statements": 96, "percent_covered": 0.0, "percent_covered_display": "0", "missing_lines": 96, "excluded_lines": 0}, "missing_lines": [40, 41, 42, 45, 57, 58, 59, 60, 63, 64, 65, 67, 75, 84, 93, 103, 111, 119, 131, 142, 153, 167, 172, 177, 182, 189, 191, 193, 200, 201, 203, 204, 205, 211, 213, 215, 221, 222, 224, 225, 230, 232, 241, 242, 244, 245, 246, 255, 257, 259, 261, 263, 264, 266, 267, 271, 273, 274, 276, 277, 279, 280, 284, 286, 287, 289, 290, 292, 293, 298, 300, 301, 302, 306, 308, 309, 310, 314, 316, 317, 318, 323, 327, 329, 330, 331, 335, 337, 338, 339, 344, 348, 352, 356, 359, 374], "excluded_lines": []}, "create_web_server_with_lifecycle.HealthHandler": {"executed_lines": [], "summary": {"covered_lines": 0
[...]
"0", "missing_lines": 2, "excluded_lines": 0}, "missing_lines": [1025, 1026], "excluded_lines": []}, "JITIAMAutomation.register_approval_handler": {"executed_lines": [], "summary": {"covered_lines": 0, "num_statements": 2, "percent_covered": 0.0, "percent_covered_display": "0", "missing_lines": 2, "excluded_lines": 0}, "missing_lines": [1030, 1031], "excluded_lines": []}, "JITIAMAutomation.deny_access_request": {"executed_lines": [], "summary": {"covered_lines": 0, "num_statements": 9, "percent_covered": 0.0, "percent_covered_display": "0", "missing_lines": 9, "excluded_lines": 0}, "missing_lines": [1040, 1041, 1043, 1045, 1046, 1048, 1051, 1062, 1064], "excluded_lines": []}, "create_jit_iam_automation": {"executed_lines": [], "summary": {"covered_lines": 0, "num_statements": 1, "percent_covered": 0.0, "percent_covered_display": "0", "missing_lines": 1, "excluded_lines": 0}, "missing_lines": [1070], "excluded_lines": []}, "": {"executed_lines": [], "summary": {"covered_lines": 0, "num_statements": 102, "percent_covered": 0.0, "percent_covered_display": "0", "missing_lines": 102, "excluded_lines": 0}, "missing_lines": [6, 7, 8, 9, 10, 11, 12, 13, 15, 18, 21, 22, 23, 24, 25, 26, 29, 32, 33, 34, 35, 36, 37, 40, 43, 44, 45, 46, 47, 50, 51, 54, 55, 56, 57, 58, 59, 60, 61, 62, 63, 64, 65, 66, 67, 68, 71, 72, 75, 76, 77, 78, 79, 80, 81, 82, 83, 86, 87, 90, 91, 92, 93, 94, 95, 96, 99, 102, 115, 158, 173, 187, 291, 340, 377, 451, 482, 493, 500, 530, 549, 565, 573, 580, 584, 594, 622, 658, 677, 729, 771, 782, 822, 830, 884, 920, 968, 996, 1023, 1028, 1033, 1068], "excluded_lines": []}}, "classes": {"AccessRequestStatus": {"executed_lines": [], "summary": {"covered_lines": 0, "num_statements": 0, "percent_covered": 100.0, "percent_covered_display": "100", "missing_lines": 0, "excluded_lines": 0}, "missing_lines": [], "excluded_lines": []}, "AccessJustification": {"executed_lines": [], "summary": {"covered_lines": 0, "num_statements": 0, "percent_covered": 100.0, "percent_covered_display": "100", "missing_lines": 0, "excluded_lines": 0}, "missing_lines": [], "excluded_lines": []}, "ElevationLevel": {"executed_lines": [], "summary": {"covered_lines": 0, "num_statements": 0, "percent_covered": 100.0, "percent_covered_display": "100", "missing_lines": 0, "excluded_lines": 0}, "missing_lines": [], "excluded_lines": []}, "AccessRequest": {"executed_lines": [], "summary": {"covered_lines": 0, "num_statements": 0, "percent_covered": 100.0, "percent_covered_display": "100", "missing_lines": 0, "excluded_lines": 0}, "missing_lines": [], "excluded_lines": []}, "ActiveAccess": {"executed_lines": [], "summary": {"covered_lines": 0, "num_statements": 0, "percent_covered": 100.0, "percent_covered_display": "100", "missing_lines": 0, "excluded_lines": 0}, "missing_lines": [], "excluded_lines": []}, "AccessPolicy": {"executed_lines": [], "summary": {"covered_lines": 0, "num_statements": 0, "percent_covered": 100.0, "percent_covered_display": "100", "missing_lines": 0, "excluded_lines": 0}, "missing_lines": [], "excluded_lines": []}, "JITIAMAutomation": {"executed_lines": [], "summary": {"covered_lines": 0, "num_statements": 294, "percent_covered": 0.0, "percent_covered_display": "0", "missing_lines": 294, "excluded_lines": 0}, "missing_lines": [123, 124, 125, 126, 127, 129, 132, 133, 134, 136, 137, 138, 141, 142, 143, 146, 147, 150, 153, 154, 156, 160, 162, 163, 164, 167, 168, 169, 171, 175, 202, 204, 207, 215, 227, 228, 230, 231, 232, 234, 235, 240, 241, 242, 249, 250, 251, 252, 253, 255, 260, 261, 265, 276, 277, 280, 283, 285, 289, 297, 300, 301, 302, 312, 313, 324, 325, 327, 328, 338, 342, 344, 346, 347, 350, 351, 355, 356, 359, 360, 365, 369, 370, 374, 404, 406, 409, 414, 428, 442, 445, 447, 449, 465, 466, 467, 472, 473, 474, 475, 476, 478, 484, 491, 495, 496, 497, 498, 502, 505, 506, 507, 508, 509, 510, 513, 514, 515, 518, 519, 522, 525, 528, 537, 542, 545, 547, 554, 558, 561, 563, 568, 571, 576, 577, 578, 582, 587, 591, 592, 600, 602, 603, 606, 607, 610, 611, 612, 615, 616, 617, 618, 620, 624, 626, 627, 630, 633, 645, 646, 647, 649, 650, 652, 654, 655, 675, 684, 685, 687, 689, 690, 694, 697, 698, 699, 700, 702, 703, 706, 718, 720, 721, 722, 724, 725, 727, 731, 733, 735, 738, 741, 746, 749, 761, 763, 765, 767, 768, 769, 777, 790, 795, 796, 799, 801, 802, 803, 804, 807, 808, 818, 820, 827, 847, 850, 852, 853, 854, 855, 856, 863, 864, 873, 874, 875, 876, 877, 878, 880, 882, 886, 888, 890, 893, 894, 897, 898, 899, 902, 914, 916, 917, 918, 922, 923, 924, 926, 927, 933, 934, 935, 938, 939, 940, 942, 953, 954, 958, 959, 963, 964, 965, 970, 973, 974, 976, 977, 978, 980, 981, 983, 998, 1000, 1001, 1003, 1004, 1005, 1007, 1008, 1012, 1025, 1026, 1030, 1031, 1040, 1041, 1043, 1045, 1046, 1048, 1051, 1062, 1064], "excluded_lines": []}, "": {"executed_lines": [], "summary": {"covered_lines": 0, "num_statements": 103, "percent_covered": 0.0, "percent_covered_display": "0", "missing_lines": 103, "excluded_lines": 0}, "missing_lines": [6, 7, 8, 9, 10, 11, 12, 13, 15, 18, 21, 22, 23, 24, 25, 26, 29, 32, 33, 34, 35, 36, 37, 40, 43, 44, 45, 46, 47, 50, 51, 54, 55, 56, 57, 58, 59, 60, 61, 62, 63, 64, 65, 66, 67, 68, 71, 72, 75, 76, 77, 78, 79, 80, 81, 82, 83, 86, 87, 90, 91, 92, 93, 94, 95, 96, 99, 102, 115, 158, 173, 187, 291, 340, 377, 451, 482, 493, 500, 530, 549, 565, 573, 580, 584, 594, 622, 658, 677, 729, 771, 782, 822, 830, 884, 920, 968, 996, 1023, 1028, 1033, 1068, 1070], "excluded_lines": []}}}, "core/security/security_automation_orchestrator.py": {"executed_lines": [], "summary": {"covered_lines": 0, "num_statements": 355, "percent_covered": 0.0, "percent_covered_display": "0", "missing_lines": 355, "excluded_lines": 0}, "missing_lines": [6, 7, 8, 9, 10, 11, 13, 14, 15, 16, 17, 20, 23, 24, 25, 26, 29, 32, 33, 34, 35, 36, 37, 40, 41, 44, 45, 46, 47, 48, 49, 50, 51, 52, 53, 54, 57, 58, 61, 62, 63, 64, 65, 66, 67, 68, 69, 70, 73, 86, 94, 95, 96, 97, 98, 100, 103, 104, 105, 106, 107, 110, 113, 114, 117, 120, 123, 124, 127, 129, 133, 135, 137, 138, 139, 142, 143, 144, 146, 148, 150, 151, 153, 162, 175, 184, 192, 193, 205, 207, 208, 209, 211, 214, 222, 230, 237, 243, 245, 247, 252, 254, 257, 272, 274, 284, 286, 287, 290, 303, 304, 307, 310, 312, 313, 316, 317, 320, 321, 322, 324, 335, 336, 339, 342, 347, 352, 356, 360, 362, 363, 364, 366, 370, 373, 374, 375, 376, 390, 391, 392, 393, 405, 406, 407, 408, 419, 421, 425, 426, 429, 430, 431, 432, 433, 436, 444, 445, 446, 447, 448, 449, 451, 454, 455, 456, 459, 460, 464, 471, 473, 475, 476, 479, 480, 487, 488, 497, 498, 499, 502, 506, 509, 510, 515, 523, 526, 541, 543, 547, 557, 559, 564, 565, 567, 578, 582, 586, 587, 591, 596, 597, 599, 600, 601, 611, 614, 618, 619, 623, 628, 629, 630, 642, 643, 647, 651, 656, 657, 661, 666, 667, 669, 674, 675, 676, 677, 678, 681, 682, 684, 689, 693, 694, 698, 703, 704, 706, 707, 708, 713, 720, 724, 725, 729, 734, 739, 740, 741, 742, 744, 750, 752, 753, 756, 757, 760, 762, 768, 771, 774, 780, 785, 788, 789, 792, 796, 799, 803, 805, 807, 811, 813, 824, 827, 829, 831, 832, 834, 835, 839, 840, 844, 861, 862, 863, 868, 891, 893, 894, 895, 897, 899, 904, 907, 908, 909, 910, 911, 912, 915, 917, 923, 924, 926, 928, 929, 934, 936, 938, 941, 943, 945, 947, 949, 951, 954, 956, 957, 958, 960, 963, 969, 977, 979, 984, 987, 988, 992, 997, 1000, 1001, 1007, 1008, 1011, 1013, 1019, 1062, 1064, 1065, 1067, 1069, 1078, 1080, 1081, 1083, 1085, 1088, 1089, 1091, 1092, 1095, 1096, 1100, 1104], "excluded_lines": [], "functions": {"SecurityAutomationOrchestrator.__init__": {"executed_lines": [], "summary": {"covered_lines": 0, "num_statements": 20, "percent_covered": 0.0, "percent_covered_display": "0", "missing_lines": 20, "excluded_lines": 0}, "missing_lines": [94, 95, 96, 97, 98, 100, 103, 104, 105, 106, 107, 110, 113, 114, 117, 120, 123, 124, 127, 129], "excluded_lines": []}, "SecurityAutomationOrchestrator._setup_logging": {"executed_lines": [], "summary": {"covered_lines": 0, "num_statements": 8, "percent_covered": 0.0, "percent_covered_display": "0", "missing_lines": 8, "excluded_lines": 0}, "missing_lines": [135, 137, 138, 139, 142, 143, 144, 146], "excluded_lines": []}, "SecurityAutomationOrchestrator._initialize_security_components": {"executed_lines": [], "summary": {"covered_lines": 0, "num_statements": 12, "percent_covered": 0.0, "percent_covered_display": "0", "missing_lines": 12, "excluded_lines": 0}, "missing_lines": [150, 151, 153, 162, 175, 184, 192, 193, 205, 207, 208, 209], "excluded_lines": []}, "SecurityAutomationOrchestrator._register_default_event_handlers": {"executed_lines": [], "summary": {"covered_lines": 0, "num_statements": 4, "percent_covered": 0.0, "percent_covered_display": "0", "missing_lines": 4, "excluded_lines": 0}, "missing_lines": [214, 222, 230, 237], "excluded_lines": []}, "SecurityAutomationOrchestrator._start_orchestration": {"executed_lines": [], "summary": {"covered_lines": 0, "num_statements": 4, "percent_covered": 0.0, "percent_covered_display": "0", "missing_lines": 4, "excluded_lines": 0}, "missing_lines": [245, 247, 252, 254], "excluded_lines": []}, "SecurityAutomationOrchestrator.execute_comprehensive_scan": {"executed_lines": [], "summary": {"covered_lines": 0, "num_statements": 29, "percent_covered": 0.0, "percent_covered_display": "0", "missing_lines": 29, "excluded_lines": 0}, "missing_lines": [272, 274, 284, 286, 287, 290, 303, 304, 307, 310, 312, 313, 316, 317, 320, 321, 322, 324, 335, 336, 339, 342, 347, 352, 356, 360, 362, 363, 364], "excluded_lines": []}, "SecurityAutomationOrchestrator._consolidate_scan_threats": {"executed_lines": [], "summary": {"covered_lines": 0, "num_statements": 14, "percent_covered": 0.0, "percent_covered_display": "0", "missing_lines": 14, "excluded_lines": 0}, "missing_lines": [370, 373, 374, 375, 376, 390, 391, 392, 393, 405, 406, 407, 408, 419], "excluded_lines": []}, "SecurityAutomationOrchestrator._assess_consolidated_risk": {"executed_lines": [], "summary": {"covered_lines": 0, "num_statements": 21, "percent_covered": 0.0, "percent_covered_display": "0", "missing_lines": 21, "excluded_lines": 0}, "missing_lines": [425, 426, 429, 430, 431, 432, 433, 436, 444, 445, 446, 447, 448, 449, 451, 454, 455, 456, 459, 460, 464], "excluded_lines": []}, "SecurityAutomationOrchestrator._generate_scan_recommendations": {"executed_lines": [], "summary": {"covered_lines": 0, "num_statements": 16, "percent_covered": 0.0, "percent_covered_display": "0", "missing_lines": 16, "excluded_lines": 0}, "missing_lines": [473, 475, 476, 479, 480, 487, 488, 497, 498, 499, 502, 506, 509, 510, 515, 523], "excluded_lines": []}, "SecurityAutomationOrchestrator.execute_coordinated_response": {"executed_lines": [], "summary": {"covered_lines": 0, "num_statements": 70, "percent_covered": 0.0, "percent_covered_display": "0", "missing_lines": 70, "excluded_lines": 0}, "missing_lines": [541, 543, 547, 557, 559, 564, 565, 567, 578, 582, 586, 587, 591, 596, 597, 599, 600, 601, 611, 614, 618, 619, 623, 628, 629, 630, 642, 643, 647, 651, 656, 657, 661, 666, 667, 669, 674, 675, 676, 677, 678, 681, 682, 684, 689, 693, 694, 698, 703, 704, 706, 707, 708, 713, 720, 724, 725, 729, 734, 739, 740, 741, 742, 744, 750, 752, 753, 756, 757, 760], "excluded_lines": []}, "SecurityAutomationOrchestrator._determine_response_strategy": {"executed_lines": [], "summary": {"covered_lines": 0, "num_statements": 12, "percent_covered": 0.0, "percent_covered_display": "0", "missing_lines": 12, "excluded_lines": 0}, "missing_lines": [768, 771, 774, 780, 785, 788, 789, 792, 796, 799, 803, 805], "excluded_lines": []}, "SecurityAutomationOrchestrator._map_threat_to_attack_pattern": {"executed_lines": [], "summary": {"covered_lines": 0, "num_statements": 3, "percent_covered": 0.0, "percent_covered_display": "0", "missing_lines": 3, "excluded_lines": 0}, "missing_lines": [811, 813, 824], "excluded_lines": []}, "SecurityAutomationOrchestrator._continuous_monitoring_loop": {"executed_lines": [], "summary": {"covered_lines": 0, "num_statements": 16, "percent_covered": 0.0, "percent_covered_display": "0", "missing_lines": 16, "excluded_lines": 0}, "missing_lines": [829, 831, 832, 834, 835, 839, 840, 844, 861, 862, 863, 868, 891, 893, 894, 895], "excluded_lines": []}, "SecurityAutomationOrchestrator._process_security_event": {"executed_lines": [], "summary": {"covered_lines": 0, "num_statements": 8, "percent_covered": 0.0, "percent_covered_display": "0", "missing_lines": 8, "excluded_lines": 0}, "missing_lines": [899, 904, 907, 908, 909, 910, 911, 912], "excluded_lines": []}, "SecurityAutomationOrchestrator._handle_threat_detection": {"executed_lines": [], "summary": {"covered_lines": 0, "num_statements": 3, "percent_covered": 0.0, "percent_covered_display": "0", "missing_lines": 3, "excluded_lines": 0}, "missing_lines": [917, 923, 924], "excluded_lines": []}, "SecurityAutomationOrchestrator._escalate_high_severity_threats": {"executed_lines": [], "summary": {"covered_lines": 0, "num_statements": 2, "percent_covered": 0.0, "percent_covered_display": "0", "missing_lines": 2, "excluded_lines": 0}, "missing_lines": [928, 929], "excluded_lines": []}, "SecurityAutomationOrchestrator._handle_incident_escalation": {"executed_lines": [], "summary": {"covered_lines": 0, "num_statements": 1, "percent_covered": 0.0, "percent_covered_display": "0", "missing_lines": 1, "excluded_lines": 0}, "missing_lines": [936], "excluded_lines": []}, "SecurityAutomationOrchestrator._coordinate_response_actions": {"executed_lines": [], "summary": {"covered_lines": 0, "num_statements": 1, "percent_covered": 0.0, "percent_covered_display": "0", "missing_lines": 1, "excluded_lines": 0}, "missing_lines": [941], "excluded_lines": []}, "SecurityAutomationOrchestrator._handle_access_request_event": {"executed_lines": [], "summary": {"covered_lines": 0, "num_statements": 2, "percent_covered": 0.0, "percent_covered_display": "0", "missing_lines": 2, "excluded_lines": 0}, "missing_lines": [945, 947], "excluded_lines": []}, "SecurityAutomationOrchestrator._handle_compliance_violation": {"executed_lines": [], "summary": {"covered_lines": 0, "num_statements": 1, "percent_covered": 0.0, "percent_covered_display": "0", "missing_lines": 1, "excluded_lines": 0}, "missing_lines": [951], "excluded_lines": []}, "SecurityAutomationOrchestrator._metrics_collection_loop": {"executed_lines": [], "summary": {"covered_lines": 0, "num_statements": 17, "percent_covered": 0.0, "percent_covered_display": "0", "missing_lines": 17, "excluded_lines": 0}, "missing_lines": [956, 957, 958, 960, 963, 969, 977, 979, 984, 987, 988, 992, 997, 1000, 1001, 1007, 1008], "excluded_lines": []}, "SecurityAutomationOrchestrator.get_security_status": {"executed_lines": [], "summary": {"covered_lines": 0, "num_statements": 2, "percent_covered": 0.0, "percent_covered_display": "0", "missing_lines": 2, "excluded_lines": 0}, "missing_lines": [1013, 1019], "excluded_lines": []}, "SecurityAutomationOrchestrator.get_security_metrics_summary": {"executed_lines": [], "summary": {"covered_lines": 0, "num_statements": 4, "percent_covered": 0.0, "percent_covered_display": "0", "missing_lines": 4, "excluded_lines": 0}, "missing_lines": [1064, 1065, 1067, 1069], "excluded_lines": []}, "SecurityAutomationOrchestrator.register_event_handler": {"executed_lines": [], "summary": {"covered_lines": 0, "num_statements": 2, "percent_covered": 0.0, "percent_covered_display": "0", "missing_lines": 2, "excluded_lines": 0}, "missing_lines": [1080, 1081], "excluded_lines": []}, "SecurityAutomationOrchestrator.shutdown": {"executed_lines": [], "summary": {"covered_lines": 0, "num_statements": 7, "percent_covered": 0.0, "percent_covered_display": "0", "missing_lines": 7, "excluded_lines": 0}, "missing_lines": [1085, 1088, 1089, 1091, 1092, 1095, 1096], "excluded_lines": []}, "create_security_automation_orchestrator": {"executed_lines": [], "summary": {"covered_lines": 0, "num_statements": 1, "percent_covered": 0.0, "percent_covered_display": "0", "missing_lines": 1, "excluded_lines": 0}, "missing_lines": [1104], "excluded_lines": []}, "": {"executed_lines": [], "summary": {"covered_lines": 0, "num_statements": 75, "percent_covered": 0.0, "percent_covered_display": "0", "missing_lines": 75, "excluded_lines": 0}, "missing_lines": [6, 7, 8, 9, 10, 11, 13, 14, 15, 16, 17, 20, 23, 24, 25, 26, 29, 32, 33, 34, 35, 36, 37, 40, 41, 44, 45, 46, 47, 48, 49, 50, 51, 52, 53, 54, 57, 58, 61, 62, 63, 64, 65, 66, 67, 68, 69, 70, 73, 86, 133, 148, 211, 243, 257, 366, 421, 471, 526, 762, 807, 827, 897, 915, 926, 934, 938, 943, 949, 954, 1011, 1062, 1078, 1083, 1100], "excluded_lines": []}}, "classes": {"SecurityAutomationLevel": {"executed_lines": [], "summary": {"covered_lines": 0, "num_statements": 0, "percent_covered": 100.0, "percent_covered_display": "100", "missing_lines": 0, "excluded_lines": 0}, "missing_lines": [], "excluded_lines": []}, "SecurityEventType": {"executed_lines": [], "summary": {"covered_lines": 0, "num_statements": 0, "percent_covered": 100.0, "percent_covered_display": "100", "missing_lines": 0, "excluded_lines": 0}, "missing_lines": [], "excluded_lines": []}, "SecurityMetrics": {"executed_lines": [], "summary": {"covered_lines": 0, "num_statements": 0, "percent_covered": 100.0, "percent_covered_display": "100", "missing_lines": 0, "excluded_lines": 0}, "missing_lines": [], "excluded_lines": []}, "SecurityEvent": {"executed_lines": [], "summary": {"covered_lines": 0, "num_statements": 0, "percent_covered": 100.0, "percent_covered_display": "100", "missing_lines": 0, "excluded_lines": 0}, "missing_lines": [], "excluded_lines": []}, "SecurityAutomationOrchestrator": {"executed_lines": [], "summary": {"covered_lines": 0, "num_statements": 279, "percent_covered": 0.0, "percent_covered_display": "0", "missing_lines": 279, "excluded_lines": 0}, "missing_lines": [94, 95, 96, 97, 98, 100, 103, 104, 105, 106, 107, 110, 113, 114, 117, 120, 123, 124, 127, 129, 135, 137, 138, 139, 142, 143, 144, 146, 150, 151, 153, 162, 175, 184, 192, 193, 205, 207, 208, 209, 214, 222, 230, 237, 245, 247, 252, 254, 272, 274, 284, 286, 287, 290, 303, 304, 307, 310, 312, 313, 316, 317, 320, 321, 322, 324, 335, 336, 339, 342, 347, 352, 356, 360, 362, 363, 364, 370, 373, 374, 375, 376, 390, 391, 392, 393, 405, 406, 407, 408, 419, 425, 426, 429, 430, 431, 432, 433, 436, 444, 445, 446, 447, 448, 449, 451, 454, 455, 456, 459, 460, 464, 473, 475, 476, 479, 480, 487, 488, 497, 498, 499, 502, 506, 509, 510, 515, 523, 541, 543, 547, 557, 559, 564, 565, 567, 578, 582, 586, 587, 591, 596, 597, 599, 600, 601, 611, 614, 618, 619, 623, 628, 629, 630, 642, 643, 647, 651, 656, 657, 661, 666, 667, 669, 674, 675, 676, 677, 678, 681, 682, 684, 689, 693, 694, 698, 703, 704, 706, 707, 708, 713, 720, 724, 725, 729, 734, 739, 740, 741, 742, 744, 750, 752, 753, 756, 757, 760, 768, 771, 774, 780, 785, 788, 789, 792, 796, 799, 803, 805, 811, 813, 824, 829, 831, 832, 834, 835, 839, 840, 844, 861, 862, 863, 868, 891, 893, 894, 895, 899, 904, 907, 908, 909, 910, 911, 912, 917, 923, 924, 928, 929, 936, 941, 945, 947, 951, 956, 957, 958, 960, 963, 969, 977, 979, 984, 987, 988, 992, 997, 1000, 1001, 1007, 1008, 1013, 1019, 1064, 1065, 1067, 1069, 1080, 1081, 1085, 1088, 1089, 1091, 1092, 1095, 1096], "excluded_lines": []}, "": {"executed_lines": [], "summary": {"covered_lines": 0, "num_statements": 76, "percent_covered": 0.0, "percent_covered_display": "0", "missing_lines": 76, "excluded_lines": 0}, "missing_lines": [6, 7, 8, 9, 10, 11, 13, 14, 15, 16, 17, 20, 23, 24, 25, 26, 29, 32, 33, 34, 35, 36, 37, 40, 41, 44, 45, 46, 47, 48, 49, 50, 51, 52, 53, 54, 57, 58, 61, 62, 63, 64, 65, 66, 67, 68, 69, 70, 73, 86, 133, 148, 211, 243, 257, 366, 421, 471, 526, 762, 807, 827, 897, 915, 926, 934, 938, 943, 949, 954, 1011, 1062, 1078, 1083, 1100, 1104], "excluded_lines": []}}}}, "totals": {"covered_lines": 581, "num_statements": 8184, "percent_covered": 7.099217986314761, "percent_covered_display": "7", "missing_lines": 7603, "excluded_lines": 0}}