{
  "execution_time": "2025-08-23T17:12:09.734024",
  "total_duration": 2.605464,
  "suites": 2,
  "total_tests": 0,
  "total_passed": 0,
  "total_failed": 0,
  "total_skipped": 0,
  "success_rate": 0,
  "suite_results": {
    "unit": {
      "suite_name": "unit",
      "start_time": "2025-08-23 17:12:09.777517",
      "end_time": "2025-08-23 17:12:11.111673",
      "duration": 1.3336467742919922,
      "files": [
        "test_cli_commands.py",
        "test_registry_operations.py"
      ],
      "passed": 0,
      "failed": 0,
      "skipped": 0,
      "errors": 0,
      "coverage": null,
      "success": false,
      "output": "",
      "error_output": "ERROR: usage: __main__.py [options] [file_or_dir] [file_or_dir] [...]\n__main__.py: error: unrecognized arguments: --cov-omit=*/tests/* --cov-omit=*/venv/* --cov-omit=*/__pycache__/* --cov-omit=*/migrations/*\n  inifile: /Users/jameshousteau/source_code/genesis/tests/pytest.ini\n  rootdir: /Users/jameshousteau/source_code/genesis/tests\n\n",
      "return_code": 4
    },
    "integration": {
      "suite_name": "integration",
      "start_time": "2025-08-23 17:12:11.111854",
      "end_time": "2025-08-23 17:12:12.339335",
      "duration": 1.2271239757537842,
      "files": [
        "test_terraform_integration.py",
        "test_monitoring_system.py",
        "test_deployment_pipeline.py",
        "test_cross_component_communication.py"
      ],
      "passed": 0,
      "failed": 0,
      "skipped": 0,
      "errors": 0,
      "coverage": null,
      "success": false,
      "output": "",
      "error_output": "ERROR: usage: __main__.py [options] [file_or_dir] [file_or_dir] [...]\n__main__.py: error: unrecognized arguments: --cov-omit=*/tests/* --cov-omit=*/venv/* --cov-omit=*/__pycache__/* --cov-omit=*/migrations/*\n  inifile: /Users/jameshousteau/source_code/genesis/tests/pytest.ini\n  rootdir: /Users/jameshousteau/source_code/genesis/tests\n\n",
      "return_code": 4
    }
  }
}
